Matt beat Oscarsdog on Wed Sep  8 01:40:22 1993.
Brist beat Nae on Fri Sep 10 23:41:50 1993.
Brist beat Feral on Sat Sep 11 00:30:44 1993.
Kitty beat Brist on Sat Sep 11 00:52:23 1993.
Kitty beat Qwerty on Sat Sep 11 01:28:19 1993.
Kitty beat Meecham on Mon Sep 13 22:42:11 1993.
Dave beat Matt on Sun Sep 19 04:06:27 1993.
Dave beat Matt on Sun Sep 19 04:20:31 1993.
Matt beat Miffy on Tue Sep 21 22:37:41 1993.
Tristan beat Matt on Tue Feb 15 22:01:30 1994.
Daniella beat Tristan on Tue Feb 15 23:51:25 1994.
Tristan beat Daniella on Wed Feb 16 19:57:26 1994.
Tristan beat Daniella on Wed Feb 16 23:46:27 1994.
Portil beat Tristan on Fri Feb 18 16:31:08 1994.
Tristan beat Buggerlugs on Mon Feb 21 14:39:36 1994.
Buggerlugs beat Tristan on Mon Feb 21 18:04:44 1994.
Tristan beat Buggerlugs on Tue Feb 22 20:35:38 1994.
Buggerlugs beat Trillien on Thu Feb 24 18:31:19 1994.
Buggerlugs beat Trillien on Thu Feb 24 18:44:28 1994.
Tristan beat Buggerlugs on Thu Feb 24 19:22:16 1994.
Tristan beat Daniella on Fri Feb 25 19:42:48 1994.
Tristan beat Buggerlugs on Fri Feb 25 23:57:17 1994.
Buggerlugs beat Trillien on Tue Mar  1 19:47:43 1994.
Trillien beat Muzmuz on Fri Mar  4 21:50:20 1994.
Trillien beat Muzmuz on Fri Mar  4 22:13:36 1994.
Trillien beat Tristan on Sat Mar  5 17:34:36 1994.
Trillien beat Tristan on Sat Mar  5 17:45:24 1994.
Tristan beat Buggerlugs on Mon Mar 21 21:23:09 1994.
Tristan beat Daniella on Thu Apr  7 00:00:06 1994.
Trillien beat Tristan on Tue May 17 20:40:39 1994.
Ayes beat Topaz on Mon May 23 00:58:28 1994.
Nokey beat Bonzo on Tue Jul  5 02:22:48 1994.
Tristan beat Daniella on Wed Jul 13 21:22:41 1994.
Sammy beat Nightseer on Thu Aug 11 02:55:04 1994.
Axlrose beat Nae on Sat Aug 13 06:18:31 1994.
Axlrose beat Nae on Sun Aug 14 06:23:31 1994.
Trillien beat Tristan on Tue Aug 16 18:59:05 1994.
Trillien beat Tristan on Tue Aug 16 19:09:24 1994.
Trillien beat Tristan on Tue Aug 16 19:15:51 1994.
Tuppence beat Dalamar on Tue Aug 23 06:54:55 1994.
Muzmuz beat Sonja on Sun Sep  4 03:11:04 1994.
Sonja beat Muzmuz on Sun Sep  4 03:29:55 1994.
Brutaliti beat Draracle on Fri Oct 14 14:48:14 1994.
Tbw beat Tomas on Mon Nov 21 15:48:03 1994.
Arthur beat Tbw on Thu Nov 24 09:31:07 1994.
Karabear beat Ripken on Sun Mar 12 21:46:08 1995.
Cyclop beat Germinator on Sat Sep 23 04:32:56 1995.
Tuppence beat Baer on Mon Apr 22 03:01:26 1996.
Nemchinov beat Countvlad on Tue Aug 20 06:57:40 1996.
Redsexy beat Nae on Mon Oct 20 00:24:08 1997.
