Matt solved the quest on Tue Aug  3 17:27:23 1993 at level 40.
Genocyber solved the quest on Thu Aug  5 00:50:30 1993 at level 28.
Matt solved the quest on Sun Aug 22 23:35:24 1993 at level 40.
Kryll solved the quest on Sat Aug 28 21:02:53 1993 at level 26.
Silk solved the quest on Sat Aug 28 23:08:20 1993 at level 18.
Mangla solved the quest on Sun Aug 29 19:43:43 1993 at level 22.
Muzmuz solved the quest on Mon Aug 30 15:53:30 1993 at level 25.
Eponine solved the quest on Sat Sep  4 07:09:42 1993 at level 13.
Sauron solved the quest on Wed Sep  8 06:56:42 1993 at level 22.
Grendel solved the quest on Sat Sep 11 06:32:26 1993 at level 23.
Nokey solved the quest on Tue Sep 14 23:44:39 1993 at level 16.
Kookie solved the quest on Wed Sep 15 11:56:02 1993 at level 25.
Starslayer solved the quest on Wed Sep 15 18:37:50 1993 at level 21.
Darastor solved the quest on Sun Sep 19 05:30:11 1993 at level 27.
Deneb solved the quest on Sun Sep 19 21:51:12 1993 at level 18.
Aramir solved the quest on Wed Sep 22 20:30:19 1993 at level 26.
Rayooz solved the quest on Wed Sep 22 22:53:21 1993 at level 24.
Matrix solved the quest on Thu Sep 23 09:25:37 1993 at level 27.
Flame solved the quest on Thu Sep 23 11:06:02 1993 at level 14.
Cbr solved the quest on Thu Sep 23 22:54:50 1993 at level 29.
Katana solved the quest on Fri Sep 24 01:47:24 1993 at level 29.
Semar solved the quest on Fri Sep 24 17:00:48 1993 at level 13.
Crash solved the quest on Sun Sep 26 16:29:22 1993 at level 15.
Jewel solved the quest on Mon Sep 27 02:16:49 1993 at level 27.
Gerrit solved the quest on Tue Sep 28 11:34:51 1993 at level 19.
Stinky solved the quest on Fri Oct  1 18:10:51 1993 at level 24.
Tatiana solved the quest on Tue Oct  5 05:50:32 1993 at level 16.
Assassin solved the quest on Wed Oct  6 07:12:04 1993 at level 28.
Ambrose solved the quest on Thu Oct  7 05:55:48 1993 at level 21.
Goolag solved the quest on Thu Oct  7 21:22:41 1993 at level 23.
Jihad solved the quest on Fri Oct  8 07:26:31 1993 at level 23.
Sorceror solved the quest on Fri Oct  8 14:27:46 1993 at level 27.
Rahsut solved the quest on Sat Oct  9 06:18:09 1993 at level 22.
Morbius solved the quest on Sun Oct 10 00:37:06 1993 at level 22.
Moriarty solved the quest on Sun Oct 10 07:48:22 1993 at level 25.
Bert solved the quest on Wed Oct 13 12:42:23 1993 at level 22.
Gothrog solved the quest on Sat Dec 11 13:21:23 1993 at level 20.
Gash solved the quest on Sun Dec 12 03:47:38 1993 at level 15.
Paris solved the quest on Sun Dec 12 12:12:02 1993 at level 27.
Muesli solved the quest on Tue Dec 14 10:07:44 1993 at level 29.
Axlrose solved the quest on Wed Dec 15 09:41:30 1993 at level 24.
Gambit solved the quest on Thu Jan  6 03:49:21 1994 at level 17.
Topaz solved the quest on Sat Jan 15 09:14:19 1994 at level 22.
Montoya solved the quest on Thu Jan 20 01:42:04 1994 at level 26.
Stanley solved the quest on Sat Jan 22 14:13:39 1994 at level 28.
Pug solved the quest on Sun Jan 23 17:04:05 1994 at level 22.
Prince solved the quest on Mon Jan 24 11:14:03 1994 at level 22.
Bido solved the quest on Thu Jan 27 18:45:12 1994 at level 25.
Katallask solved the quest on Fri Jan 28 19:18:01 1994 at level 17.
Ren solved the quest on Fri Feb  4 21:56:53 1994 at level 22.
Valder solved the quest on Thu Feb 10 05:45:36 1994 at level 18.
Seiner solved the quest on Sat Feb 12 19:26:00 1994 at level 24.
Talos solved the quest on Sat Feb 12 22:05:57 1994 at level 25.
Fairen solved the quest on Sun Feb 13 08:20:07 1994 at level 27.
Trillien solved the quest on Mon Feb 14 17:56:27 1994 at level 25.
Trooper solved the quest on Wed Feb 16 02:21:05 1994 at level 24.
Apollo solved the quest on Wed Feb 16 05:09:34 1994 at level 26.
Shaman solved the quest on Sat Feb 19 09:20:25 1994 at level 24.
Texas solved the quest on Sun Feb 20 20:45:17 1994 at level 20.
Xaverian solved the quest on Mon Feb 21 09:41:07 1994 at level 18.
Spliff solved the quest on Wed Feb 23 14:03:54 1994 at level 25.
Teranna solved the quest on Fri Feb 25 21:46:27 1994 at level 27.
Jinx solved the quest on Sat Feb 26 19:04:22 1994 at level 20.
Blade solved the quest on Thu Mar  3 02:23:38 1994 at level 22.
Arathorn solved the quest on Thu Mar  3 16:17:34 1994 at level 11.
Forsaken solved the quest on Fri Mar  4 04:41:40 1994 at level 16.
Oakley solved the quest on Fri Mar  4 22:24:39 1994 at level 16.
Baywulf solved the quest on Sat Mar  5 22:40:10 1994 at level 16.
Frost solved the quest on Tue Mar 22 20:04:03 1994 at level 17.
Sabertooth solved the quest on Wed Mar 23 21:01:51 1994 at level 17.
Akira solved the quest on Thu Apr  7 06:05:48 1994 at level 23.
Fenrir solved the quest on Mon Apr 11 14:31:57 1994 at level 21.
Felix solved the quest on Sun Apr 24 10:31:47 1994 at level 20.
Omnicronus solved the quest on Sun May  1 06:56:26 1994 at level 18.
Tamina solved the quest on Mon May  2 17:17:18 1994 at level 24.
Tatsuo solved the quest on Wed May  4 21:34:11 1994 at level 19.
Goldsun solved the quest on Thu May  5 12:33:31 1994 at level 26.
Nunu solved the quest on Fri May  6 01:42:16 1994 at level 18.
Sammy solved the quest on Fri May  6 23:14:10 1994 at level 27.
Kaneda solved the quest on Sun May 15 20:14:15 1994 at level 28.
Sonja solved the quest on Fri May 20 04:17:01 1994 at level 23.
Tomcat solved the quest on Sat May 21 11:32:01 1994 at level 21.
Nipples solved the quest on Tue May 24 11:19:19 1994 at level 27.
Gandalf solved the quest on Sat May 28 05:30:14 1994 at level 22.
Drizzt solved the quest on Sun May 29 07:23:06 1994 at level 18.
Herkules solved the quest on Sun May 29 19:55:22 1994 at level 21.
Nassa solved the quest on Fri Jun  3 21:47:51 1994 at level 27.
Eorl solved the quest on Sat Jun  4 14:51:36 1994 at level 26.
Titan solved the quest on Mon Jun  6 17:12:54 1994 at level 27.
Seducer solved the quest on Wed Jun  8 10:21:31 1994 at level 29.
Tsc solved the quest on Wed Jun  8 15:07:13 1994 at level 28.
Morningsir solved the quest on Fri Jun 10 16:52:17 1994 at level 19.
Pepper solved the quest on Sun Jun 12 11:27:35 1994 at level 20.
Haplo solved the quest on Fri Jun 17 19:15:22 1994 at level 29.
Swrab solved the quest on Mon Jun 20 18:45:19 1994 at level 28.
Rossi solved the quest on Tue Jun 21 11:20:50 1994 at level 18.
Red solved the quest on Thu Jun 23 10:28:00 1994 at level 27.
Pelgrim solved the quest on Fri Jun 24 09:26:06 1994 at level 22.
Krysa solved the quest on Wed Jun 29 18:28:57 1994 at level 25.
Graver solved the quest on Fri Jul  1 17:29:06 1994 at level 25.
Nae solved the quest on Sun Jul  3 18:47:04 1994 at level 18.
Hubioso solved the quest on Mon Jul  4 23:05:45 1994 at level 25.
Szecsi solved the quest on Thu Jul  7 20:12:58 1994 at level 21.
Cro solved the quest on Sat Jul  9 01:06:46 1994 at level 16.
Myll solved the quest on Mon Jul 11 16:23:03 1994 at level 18.
Laca solved the quest on Thu Jul 14 00:44:33 1994 at level 20.
Talmore solved the quest on Mon Jul 18 00:25:32 1994 at level 16.
Ago solved the quest on Thu Jul 21 03:11:10 1994 at level 26.
Arthur solved the quest on Sat Jul 30 09:32:08 1994 at level 29.
Susanoo solved the quest on Sun Aug 14 15:10:14 1994 at level 25.
Westley solved the quest on Tue Aug 16 23:21:05 1994 at level 22.
Dalamar solved the quest on Thu Aug 18 10:14:57 1994 at level 28.
Anastasia solved the quest on Mon Aug 29 00:25:00 1994 at level 24.
Labarum solved the quest on Thu Sep  1 17:51:33 1994 at level 28.
Kitiana solved the quest on Fri Sep  2 04:45:17 1994 at level 15.
Iczer solved the quest on Tue Sep  6 00:46:24 1994 at level 11.
Helmut solved the quest on Tue Sep  6 22:08:47 1994 at level 18.
Cookie solved the quest on Wed Sep  7 13:42:06 1994 at level 29.
Tanthalas solved the quest on Wed Sep  7 21:30:47 1994 at level 28.
Elvis solved the quest on Mon Sep 12 03:02:24 1994 at level 15.
Bowie solved the quest on Sun Oct  2 17:07:12 1994 at level 22.
Mordred solved the quest on Tue Oct 11 04:30:06 1994 at level 27.
Demolian solved the quest on Wed Oct 12 01:53:24 1994 at level 28.
Paprika solved the quest on Thu Oct 13 23:35:09 1994 at level 29.
Aelise solved the quest on Tue Oct 18 03:23:22 1994 at level 24.
Baer solved the quest on Tue Oct 18 05:48:15 1994 at level 21.
Bolborn solved the quest on Wed Oct 19 02:22:27 1994 at level 11.
Lamorack solved the quest on Thu Oct 20 04:48:36 1994 at level 27.
Tbw solved the quest on Mon Oct 24 20:49:57 1994 at level 20.
Caldric solved the quest on Wed Oct 26 13:35:43 1994 at level 25.
Wesley solved the quest on Sat Oct 29 03:35:29 1994 at level 24.
Mandela solved the quest on Sat Oct 29 10:15:06 1994 at level 27.
Nylakoorub solved the quest on Mon Oct 31 04:10:49 1994 at level 15.
Ripken solved the quest on Mon Oct 31 07:03:14 1994 at level 21.
Molsondry solved the quest on Tue Nov  1 00:19:06 1994 at level 20.
Bolborn solved the quest on Wed Nov  2 16:28:42 1994 at level 7.
Brool solved the quest on Thu Nov  3 12:11:32 1994 at level 25.
Chomp solved the quest on Fri Nov  4 11:05:36 1994 at level 23.
Warmaster solved the quest on Sat Nov  5 15:09:02 1994 at level 25.
Barbara solved the quest on Mon Nov  7 09:39:22 1994 at level 26.
Szabolcs solved the quest on Mon Nov  7 12:00:17 1994 at level 29.
Linsolent solved the quest on Tue Nov  8 01:52:02 1994 at level 24.
Spartus solved the quest on Wed Nov 16 01:49:36 1994 at level 19.
Bobo solved the quest on Fri Nov 18 23:59:58 1994 at level 20.
Silver solved the quest on Sat Nov 19 18:42:33 1994 at level 16.
Mork solved the quest on Sat Nov 19 23:21:37 1994 at level 20.
Dyuarz solved the quest on Sun Nov 20 14:19:21 1994 at level 18.
Danielle solved the quest on Sun Nov 20 23:56:14 1994 at level 20.
Lera solved the quest on Thu Nov 24 23:12:22 1994 at level 15.
Smith solved the quest on Sat Nov 26 01:03:14 1994 at level 23.
Kryzt solved the quest on Sat Nov 26 10:17:55 1994 at level 19.
Beardy solved the quest on Sat Nov 26 21:37:02 1994 at level 28.
Tinman solved the quest on Fri Dec  2 06:09:10 1994 at level 27.
Cheesewhiz solved the quest on Sat Dec  3 13:33:33 1994 at level 13.
Witney solved the quest on Sat Dec  3 20:35:26 1994 at level 24.
Usa solved the quest on Mon Dec  5 19:56:55 1994 at level 16.
Soozie solved the quest on Tue Dec  6 21:05:07 1994 at level 22.
Kyla solved the quest on Wed Dec  7 07:36:26 1994 at level 25.
Mesmer solved the quest on Thu Dec  8 07:28:29 1994 at level 22.
Leslie solved the quest on Sat Dec 10 21:22:40 1994 at level 29.
Calvyn solved the quest on Sun Dec 11 00:50:17 1994 at level 22.
Morrolan solved the quest on Sun Dec 11 10:12:08 1994 at level 23.
Dworkin solved the quest on Sun Dec 11 14:18:22 1994 at level 29.
Urs solved the quest on Mon Dec 12 07:51:57 1994 at level 21.
Galvatron solved the quest on Mon Dec 12 22:33:00 1994 at level 20.
Khan solved the quest on Tue Dec 13 08:01:50 1994 at level 25.
Cocacola solved the quest on Tue Dec 13 22:15:44 1994 at level 17.
Shaundakar solved the quest on Thu Dec 15 09:29:56 1994 at level 25.
Acheron solved the quest on Thu Dec 15 13:27:24 1994 at level 26.
Kenty solved the quest on Thu Dec 15 19:58:54 1994 at level 23.
Draracle solved the quest on Mon Dec 19 15:53:54 1994 at level 22.
Kyodai solved the quest on Tue Dec 20 05:06:51 1994 at level 28.
Pole solved the quest on Thu Dec 29 22:50:02 1994 at level 22.
Hypatia solved the quest on Mon Jan  2 05:45:09 1995 at level 20.
Kakan solved the quest on Mon Jan  2 13:11:02 1995 at level 23.
Sargon solved the quest on Tue Jan  3 04:35:55 1995 at level 22.
Taws solved the quest on Sun Jan  8 22:50:47 1995 at level 20.
Kenji solved the quest on Wed Jan 11 18:17:21 1995 at level 20.
Kilardo solved the quest on Sat Jan 14 21:59:59 1995 at level 21.
Baywulf solved the quest on Sun Jan 15 20:47:48 1995 at level 22.
Gatya solved the quest on Mon Jan 16 17:28:13 1995 at level 20.
Square solved the quest on Tue Jan 17 15:09:16 1995 at level 27.
Kol solved the quest on Tue Jan 17 18:39:58 1995 at level 25.
Hardhead solved the quest on Tue Jan 17 22:00:49 1995 at level 18.
Thorm solved the quest on Wed Jan 18 15:20:25 1995 at level 17.
Torquemada solved the quest on Thu Jan 19 14:09:59 1995 at level 20.
Mage solved the quest on Fri Jan 20 12:59:11 1995 at level 8.
Blairv solved the quest on Mon Jan 23 15:49:07 1995 at level 22.
Domina solved the quest on Thu Jan 26 08:40:07 1995 at level 12.
Margusko solved the quest on Thu Jan 26 12:05:40 1995 at level 22.
Bubble solved the quest on Thu Jan 26 16:07:33 1995 at level 15.
Blaarg solved the quest on Thu Jan 26 21:58:14 1995 at level 24.
Tegerl solved the quest on Fri Jan 27 12:36:34 1995 at level 19.
Vorig solved the quest on Fri Jan 27 15:05:22 1995 at level 15.
Slave solved the quest on Sat Jan 28 12:57:36 1995 at level 29.
Great solved the quest on Sun Jan 29 04:54:09 1995 at level 17.
Hypno solved the quest on Mon Jan 30 12:48:18 1995 at level 17.
Vash solved the quest on Mon Jan 30 17:49:33 1995 at level 20.
Jade solved the quest on Sun Feb  5 11:30:08 1995 at level 26.
Aldus solved the quest on Mon Feb  6 06:06:35 1995 at level 15.
Kolla solved the quest on Mon Feb  6 10:15:15 1995 at level 15.
Biafra solved the quest on Mon Feb  6 16:06:33 1995 at level 29.
Sushi solved the quest on Tue Feb  7 19:25:06 1995 at level 28.
Tuppence solved the quest on Wed Feb  8 05:21:50 1995 at level 24.
Solomanus solved the quest on Wed Feb  8 19:42:44 1995 at level 16.
Ati solved the quest on Thu Feb  9 10:32:23 1995 at level 17.
Drow solved the quest on Fri Feb 10 13:36:18 1995 at level 15.
Mars solved the quest on Fri Feb 10 23:21:50 1995 at level 16.
Jaer solved the quest on Sun Feb 12 02:53:09 1995 at level 20.
Aramus solved the quest on Mon Feb 13 02:30:39 1995 at level 24.
Nivar solved the quest on Mon Feb 13 06:03:30 1995 at level 12.
Selene solved the quest on Tue Feb 14 04:32:30 1995 at level 13.
Te solved the quest on Thu Feb 16 08:51:05 1995 at level 25.
Dark solved the quest on Thu Feb 16 13:47:15 1995 at level 22.
Jrg solved the quest on Fri Feb 17 14:06:09 1995 at level 17.
Fang solved the quest on Mon Feb 20 13:22:15 1995 at level 18.
Tourist solved the quest on Tue Feb 21 03:30:31 1995 at level 11.
Mikey solved the quest on Wed Feb 22 10:21:18 1995 at level 16.
Moloch solved the quest on Mon Feb 27 16:24:42 1995 at level 24.
Csl solved the quest on Tue Feb 28 18:47:58 1995 at level 14.
Dramahl solved the quest on Wed Mar  1 12:14:20 1995 at level 7.
Honzo solved the quest on Thu Mar  2 23:01:45 1995 at level 18.
Chavez solved the quest on Sat Mar  4 21:11:40 1995 at level 21.
Molok solved the quest on Sun Mar  5 03:28:56 1995 at level 23.
Gorlin solved the quest on Tue Mar 14 21:14:57 1995 at level 14.
Pretzel solved the quest on Wed Mar 15 03:09:08 1995 at level 29.
Eowin solved the quest on Wed Mar 15 15:47:09 1995 at level 17.
Yahoo solved the quest on Sat Mar 18 17:50:22 1995 at level 26.
Cek solved the quest on Wed Mar 22 17:36:51 1995 at level 19.
Obliakus solved the quest on Thu Mar 23 09:44:37 1995 at level 10.
Task solved the quest on Thu Mar 23 16:57:01 1995 at level 27.
Cogburn solved the quest on Thu Mar 23 20:04:00 1995 at level 10.
Allwicked solved the quest on Fri Mar 24 14:20:46 1995 at level 28.
Django solved the quest on Mon Mar 27 14:37:13 1995 at level 18.
Booga solved the quest on Mon Mar 27 22:33:17 1995 at level 23.
Talon solved the quest on Wed Mar 29 11:13:18 1995 at level 28.
Mcg solved the quest on Wed Mar 29 13:21:08 1995 at level 14.
Bludicka solved the quest on Wed Mar 29 18:11:58 1995 at level 14.
Smiler solved the quest on Thu Mar 30 11:46:25 1995 at level 27.
Llisa solved the quest on Sun Apr  2 02:07:53 1995 at level 12.
Mathius solved the quest on Sun Apr  2 04:57:41 1995 at level 10.
Koxy solved the quest on Mon Apr  3 12:44:09 1995 at level 21.
Rosset solved the quest on Tue Apr 11 15:33:48 1995 at level 13.
Evil solved the quest on Thu Apr 13 21:48:26 1995 at level 22.
Lung solved the quest on Fri Apr 14 02:33:51 1995 at level 17.
Kyosuke solved the quest on Fri Apr 14 07:20:34 1995 at level 18.
Creed solved the quest on Sat Apr 15 06:08:20 1995 at level 29.
Iransaxa solved the quest on Sat Apr 15 08:12:39 1995 at level 10.
Potentio solved the quest on Sun Apr 16 06:20:08 1995 at level 24.
Casanova solved the quest on Wed Apr 19 14:56:06 1995 at level 15.
Obsianus solved the quest on Thu Apr 20 10:04:59 1995 at level 22.
Rew solved the quest on Thu Apr 20 14:26:59 1995 at level 16.
Joerg solved the quest on Fri Apr 21 10:15:34 1995 at level 24.
Efloren solved the quest on Sat Apr 22 03:21:39 1995 at level 9.
Emerald solved the quest on Sat Apr 22 21:51:10 1995 at level 25.
Kiri solved the quest on Mon Apr 24 14:49:04 1995 at level 13.
Alm solved the quest on Tue Apr 25 09:49:23 1995 at level 12.
Gwynn solved the quest on Wed Apr 26 20:43:22 1995 at level 28.
Trout solved the quest on Thu Apr 27 02:29:34 1995 at level 23.
Sampras solved the quest on Thu Apr 27 14:06:52 1995 at level 13.
Lakkancs solved the quest on Sun Apr 30 21:31:05 1995 at level 27.
Silence solved the quest on Tue May  2 23:34:11 1995 at level 29.
Leats solved the quest on Wed May  3 02:51:56 1995 at level 23.
Gahan solved the quest on Wed May  3 15:00:34 1995 at level 17.
Neumerkel solved the quest on Sat May  6 06:16:25 1995 at level 15.
Michi solved the quest on Mon May  8 17:28:48 1995 at level 24.
Clyde solved the quest on Mon May  8 20:28:29 1995 at level 19.
Kalidor solved the quest on Tue May  9 05:33:57 1995 at level 12.
Obvious solved the quest on Tue May  9 13:04:36 1995 at level 16.
Obsession solved the quest on Wed May 10 11:32:00 1995 at level 27.
Sheryl solved the quest on Thu May 11 11:38:13 1995 at level 20.
Shadowmonk solved the quest on Thu May 11 17:11:19 1995 at level 27.
Caster solved the quest on Fri May 12 14:56:19 1995 at level 29.
Mathius solved the quest on Sun May 14 22:48:29 1995 at level 8.
Cadael solved the quest on Wed May 17 17:05:36 1995 at level 17.
Morak solved the quest on Thu May 18 08:49:13 1995 at level 12.
Paldin solved the quest on Fri May 19 09:56:04 1995 at level 26.
Zmrzlina solved the quest on Fri May 19 13:33:35 1995 at level 21.
Thumper solved the quest on Sat May 20 17:32:54 1995 at level 10.
Raze solved the quest on Tue May 23 04:56:33 1995 at level 7.
Endicator solved the quest on Tue May 23 18:33:43 1995 at level 16.
Wapnor solved the quest on Wed May 24 02:53:09 1995 at level 12.
Flyer solved the quest on Wed May 24 16:41:41 1995 at level 23.
Chandra solved the quest on Wed May 24 20:50:46 1995 at level 22.
Dreamsweet solved the quest on Sat May 27 18:32:28 1995 at level 18.
Babkonzerv solved the quest on Sun May 28 21:58:16 1995 at level 24.
Marvin solved the quest on Mon May 29 10:53:47 1995 at level 22.
Kenyer solved the quest on Mon May 29 20:23:23 1995 at level 29.
Solomanus solved the quest on Thu Jun  1 04:41:28 1995 at level 17.
Asmodeus solved the quest on Thu Jun  1 19:06:13 1995 at level 9.
Executor solved the quest on Fri Jun  2 09:29:25 1995 at level 12.
Syrah solved the quest on Fri Jun  2 23:39:21 1995 at level 12.
Maverick solved the quest on Sun Jun  4 00:01:06 1995 at level 29.
Deth solved the quest on Mon Jun  5 02:03:15 1995 at level 17.
Kaqxar solved the quest on Tue Jun  6 15:49:59 1995 at level 19.
Mikkamakka solved the quest on Tue Jun  6 19:25:41 1995 at level 11.
Tevra solved the quest on Wed Jun  7 19:25:07 1995 at level 18.
Asgeir solved the quest on Thu Jun  8 16:26:10 1995 at level 14.
Exit solved the quest on Fri Jun  9 09:31:40 1995 at level 11.
Melrin solved the quest on Sat Jun 10 07:15:34 1995 at level 28.
Schpankay solved the quest on Sat Jun 10 21:15:23 1995 at level 27.
Barun solved the quest on Sun Jun 11 18:58:55 1995 at level 13.
Rocky solved the quest on Mon Jun 12 17:28:37 1995 at level 25.
Panoramix solved the quest on Wed Jun 14 15:53:47 1995 at level 15.
Relgar solved the quest on Thu Jun 15 00:12:09 1995 at level 29.
Pimpuks solved the quest on Thu Jun 15 10:44:09 1995 at level 14.
Colonel solved the quest on Thu Jun 15 17:27:25 1995 at level 18.
Metatron solved the quest on Fri Jun 16 11:26:08 1995 at level 19.
Waldo solved the quest on Fri Jun 16 17:49:39 1995 at level 27.
Matko solved the quest on Tue Jun 20 13:40:37 1995 at level 19.
Golyo solved the quest on Wed Jun 21 10:37:31 1995 at level 23.
Fed solved the quest on Wed Jun 21 14:39:27 1995 at level 27.
Stabi solved the quest on Thu Jun 22 09:02:44 1995 at level 25.
Lecso solved the quest on Fri Jun 23 02:40:46 1995 at level 9.
Pteppic solved the quest on Fri Jun 23 11:22:19 1995 at level 23.
Phil solved the quest on Mon Jun 26 02:25:22 1995 at level 25.
Arkanus solved the quest on Mon Jun 26 14:41:38 1995 at level 16.
Moricka solved the quest on Tue Jun 27 16:18:08 1995 at level 27.
Suli solved the quest on Wed Jun 28 11:51:05 1995 at level 10.
Wicki solved the quest on Wed Jun 28 21:43:15 1995 at level 22.
Simphson solved the quest on Thu Jun 29 14:51:18 1995 at level 29.
Cheetah solved the quest on Thu Jun 29 17:53:37 1995 at level 29.
Betonkevero solved the quest on Fri Jun 30 01:01:48 1995 at level 11.
Spartacus solved the quest on Sat Jul  1 03:33:02 1995 at level 18.
Cocacola solved the quest on Sun Jul  2 20:41:29 1995 at level 29.
Coke solved the quest on Mon Jul  3 19:58:04 1995 at level 17.
Tiberio solved the quest on Tue Jul  4 16:05:04 1995 at level 12.
Morgana solved the quest on Fri Jul  7 13:57:55 1995 at level 14.
Etmol solved the quest on Mon Jul 10 13:00:13 1995 at level 24.
Dimona solved the quest on Wed Jul 12 12:33:20 1995 at level 29.
Horiga solved the quest on Thu Jul 13 00:25:41 1995 at level 16.
Katakomba solved the quest on Sat Jul 15 19:49:13 1995 at level 27.
Minordeath solved the quest on Wed Jul 19 15:48:57 1995 at level 29.
Werom solved the quest on Sat Jul 22 22:13:01 1995 at level 14.
Pipo solved the quest on Sun Jul 23 05:03:27 1995 at level 25.
Turbo solved the quest on Mon Jul 24 20:28:23 1995 at level 27.
Cartel solved the quest on Tue Jul 25 07:23:19 1995 at level 16.
Rysys solved the quest on Wed Jul 26 01:48:40 1995 at level 13.
Zsolt solved the quest on Sat Jul 29 16:51:14 1995 at level 26.
Johnbaker solved the quest on Mon Jul 31 14:40:52 1995 at level 26.
Ynnys solved the quest on Wed Aug  2 02:54:14 1995 at level 14.
Selkar solved the quest on Thu Aug  3 08:44:22 1995 at level 2.
Win solved the quest on Thu Aug  3 15:59:16 1995 at level 25.
Notud solved the quest on Fri Aug  4 09:50:43 1995 at level 17.
Freya solved the quest on Sun Aug  6 09:53:02 1995 at level 24.
Icehouse solved the quest on Tue Aug  8 02:37:43 1995 at level 29.
Ximinez solved the quest on Tue Aug  8 10:27:23 1995 at level 15.
Stallone solved the quest on Wed Aug  9 07:54:12 1995 at level 19.
Thing solved the quest on Thu Aug 10 03:16:25 1995 at level 21.
Cara solved the quest on Thu Aug 10 04:09:54 1995 at level 21.
Bagoj solved the quest on Wed Aug 23 16:42:05 1995 at level 27.
Repulogep solved the quest on Mon Aug 28 12:15:36 1995 at level 9.
Touchfaith solved the quest on Tue Aug 29 10:00:39 1995 at level 22.
Berti solved the quest on Tue Aug 29 17:14:55 1995 at level 28.
Zamorra solved the quest on Fri Sep  1 01:22:40 1995 at level 29.
Peppermint solved the quest on Sun Sep  3 09:55:08 1995 at level 17.
Jennimal solved the quest on Sun Sep  3 22:25:59 1995 at level 29.
Arishem solved the quest on Mon Sep  4 01:18:37 1995 at level 25.
Astardis solved the quest on Mon Sep  4 12:39:01 1995 at level 8.
Kkkenyer solved the quest on Mon Sep  4 17:44:38 1995 at level 12.
Germinator solved the quest on Tue Sep  5 10:10:22 1995 at level 11.
Verner solved the quest on Thu Sep  7 18:21:34 1995 at level 13.
Slammer solved the quest on Fri Sep  8 14:53:38 1995 at level 29.
Balage solved the quest on Fri Sep  8 18:59:23 1995 at level 7.
Gemeskut solved the quest on Fri Sep  8 23:41:50 1995 at level 26.
Sylvyn solved the quest on Mon Sep 11 04:28:07 1995 at level 22.
Sneaky solved the quest on Mon Sep 11 15:37:07 1995 at level 27.
Riddler solved the quest on Tue Sep 12 17:33:59 1995 at level 22.
Labinieks solved the quest on Wed Sep 13 13:42:08 1995 at level 29.
Kutymorgo solved the quest on Wed Sep 13 18:02:53 1995 at level 17.
Cyclop solved the quest on Fri Sep 15 23:49:48 1995 at level 29.
Shakra solved the quest on Sun Sep 17 05:35:45 1995 at level 29.
Mara solved the quest on Tue Sep 19 09:42:57 1995 at level 26.
Beradorn solved the quest on Tue Sep 19 14:03:11 1995 at level 27.
Selkar solved the quest on Tue Sep 26 04:09:50 1995 at level 12.
Day solved the quest on Tue Sep 26 19:11:00 1995 at level 1.
Salesman solved the quest on Wed Sep 27 20:28:13 1995 at level 24.
Jorisse solved the quest on Thu Sep 28 08:55:59 1995 at level 20.
Ragaszto solved the quest on Thu Sep 28 19:59:25 1995 at level 23.
Grunge solved the quest on Fri Sep 29 06:00:32 1995 at level 3.
Alaron solved the quest on Sat Sep 30 02:15:46 1995 at level 18.
Dredd solved the quest on Sat Sep 30 18:42:22 1995 at level 10.
Nightmagic solved the quest on Sun Oct  1 09:19:12 1995 at level 15.
Eol solved the quest on Mon Oct  2 16:41:32 1995 at level 10.
Mecki solved the quest on Tue Oct  3 12:33:12 1995 at level 22.
Krug solved the quest on Tue Oct  3 18:54:54 1995 at level 29.
Perx solved the quest on Fri Oct  6 18:19:55 1995 at level 18.
Gorf solved the quest on Sat Oct  7 21:04:58 1995 at level 17.
Temeto solved the quest on Wed Oct 11 06:48:08 1995 at level 21.
Loncarm solved the quest on Wed Oct 11 08:57:24 1995 at level 19.
Diane solved the quest on Wed Oct 11 16:17:12 1995 at level 28.
Gorhoth solved the quest on Wed Oct 11 21:43:17 1995 at level 13.
Life solved the quest on Thu Oct 12 11:49:13 1995 at level 21.
Fender solved the quest on Fri Oct 13 12:12:00 1995 at level 22.
Vanessa solved the quest on Fri Oct 13 15:31:58 1995 at level 11.
Power solved the quest on Mon Oct 16 14:06:55 1995 at level 25.
Troff solved the quest on Tue Oct 17 15:10:58 1995 at level 20.
Tyrman solved the quest on Thu Oct 26 18:10:40 1995 at level 20.
Kutyaa solved the quest on Sat Oct 28 00:07:21 1995 at level 20.
Dreamer solved the quest on Sun Oct 29 06:37:07 1995 at level 12.
Csapoajto solved the quest on Sun Oct 29 20:11:27 1995 at level 22.
Beezlebub solved the quest on Tue Oct 31 21:21:01 1995 at level 23.
Saffrin solved the quest on Wed Nov  1 09:45:14 1995 at level 25.
Rookie solved the quest on Fri Nov  3 13:35:25 1995 at level 29.
Debbie solved the quest on Fri Nov  3 17:56:09 1995 at level 23.
Cajzak solved the quest on Tue Nov  7 20:59:27 1995 at level 21.
Broken solved the quest on Wed Nov  8 08:47:36 1995 at level 7.
Mantra solved the quest on Wed Nov  8 13:37:40 1995 at level 3.
Tlouba solved the quest on Wed Nov  8 14:36:33 1995 at level 22.
Trouba solved the quest on Thu Nov  9 09:59:26 1995 at level 26.
Reinforce solved the quest on Mon Nov 13 18:25:26 1995 at level 25.
Reinforce solved the quest on Mon Nov 13 18:26:57 1995 at level 25.
Vector solved the quest on Tue Nov 14 02:09:26 1995 at level 19.
Tork solved the quest on Wed Nov 15 13:11:22 1995 at level 22.
Torpapa solved the quest on Wed Nov 15 18:24:47 1995 at level 19.
Nobunaga solved the quest on Sun Nov 19 23:18:07 1995 at level 28.
Brainsprain solved the quest on Mon Nov 20 04:37:08 1995 at level 20.
Cykromanto solved the quest on Thu Nov 23 11:07:23 1995 at level 25.
Hrun solved the quest on Tue Nov 28 14:46:31 1995 at level 13.
Septian solved the quest on Wed Nov 29 10:11:10 1995 at level 21.
Gannon solved the quest on Thu Nov 30 07:02:01 1995 at level 10.
Jorgger solved the quest on Fri Dec  1 06:35:51 1995 at level 17.
Boadicea solved the quest on Fri Dec  1 09:15:32 1995 at level 13.
Jodi solved the quest on Fri Dec  1 13:31:19 1995 at level 10.
Kurt solved the quest on Sat Dec  9 21:15:11 1995 at level 15.
Treat solved the quest on Mon Dec 25 22:24:22 1995 at level 21.
Beldin solved the quest on Wed Dec 27 19:38:35 1995 at level 8.
Doras solved the quest on Tue Jan  2 09:42:20 1996 at level 23.
Szo solved the quest on Thu Jan  4 18:03:40 1996 at level 19.
Stewe solved the quest on Fri Mar 15 15:44:03 1996 at level 29.
Skyhawk solved the quest on Mon Mar 25 17:01:22 1996 at level 25.
Zloi solved the quest on Tue Apr  2 07:17:09 1996 at level 20.
Tirade solved the quest on Tue Apr  2 20:20:43 1996 at level 27.
Flood solved the quest on Sat Apr  6 23:49:53 1996 at level 15.
Michi solved the quest on Mon Apr 15 17:12:09 1996 at level 120.
Mornak solved the quest on Tue Apr 16 08:22:05 1996 at level 29.
Soulsong solved the quest on Sat Apr 20 00:44:03 1996 at level 19.
Thumper solved the quest on Sat Apr 20 09:22:14 1996 at level 25.
Izekiel solved the quest on Sat Apr 20 23:55:53 1996 at level 29.
Bulldog solved the quest on Fri Apr 26 18:59:54 1996 at level 18.
Condor solved the quest on Thu May  2 06:27:25 1996 at level 25.
Iishima solved the quest on Wed May  8 00:21:50 1996 at level 29.
Vizi solved the quest on Wed Jun  5 03:28:23 1996 at level 23.
Romi solved the quest on Thu Jun  6 19:15:24 1996 at level 27.
Zarel solved the quest on Fri Jun  7 19:48:56 1996 at level 22.
Sytar solved the quest on Sat Jun  8 00:50:00 1996 at level 28.
Cougar solved the quest on Wed Jun 12 07:17:39 1996 at level 29.
Bkvellenor solved the quest on Mon Jun 24 18:53:48 1996 at level 29.
Caine solved the quest on Wed Jun 26 06:35:35 1996 at level 21.
Scar solved the quest on Thu Aug  1 05:16:18 1996 at level 29.
Et solved the quest on Mon Aug  5 16:00:43 1996 at level 28.
Thara solved the quest on Tue Aug  6 08:52:18 1996 at level 19.
Manson solved the quest on Thu Aug  8 01:46:09 1996 at level 15.
Rammer solved the quest on Tue Aug 13 06:21:41 1996 at level 27.
Tas solved the quest on Tue Aug 27 20:12:18 1996 at level 29.
Xolon solved the quest on Thu Oct  3 16:25:08 1996 at level 29.
Redsexy solved the quest on Tue Apr  8 16:13:25 1997 at level 29.
Starslayer solved the quest on Sat Apr 19 07:03:06 1997 at level 29.
Michael solved the quest on Tue Sep 30 20:46:27 1997 at level 29.
Stiletto solved the quest on Fri Nov 14 05:07:00 1997 at level 29.
Phalanx solved the quest on Tue Nov 25 02:32:16 1997 at level 29.
Mekaleka solved the quest on Mon Dec  1 05:32:12 1997 at level 26.
Danford solved the quest on Wed May  6 04:22:53 1998 at level 29.
Malice solved the quest on Fri Apr  9 17:41:17 1999 at level 29.
Borscht solved the quest on Tue Apr 13 06:51:25 1999 at level 27.
