ILLEGAL use of RUT trillien at  Fri Jul  8 18:11:22 1994
Illegal Use of SHADOW! at Fri Jul  8 18:11:22 1994 by trillien
ILLEGAL use of RUT sailor at  Fri Jul  8 20:23:17 1994
Illegal Use of SHADOW! at Fri Jul  8 20:23:17 1994 by sailor
Illegal Use of SHADOW! at Sat Jul  9 11:32:28 1994 by sailor
ILLEGAL use of RUT sailor at  Sat Jul  9 11:32:28 1994
Illegal Use of SHADOW! at Tue Jul 26 03:21:23 1994 by roxanne
Illegal Use of SHADOW! at Mon Aug 15 02:43:56 1994 by 0
Illegal Use of SHADOW! at Sun Sep 11 23:04:30 1994 by gator
Illegal Use of SHADOW! at Tue Sep 13 18:23:12 1994 by 0
ILLEGAL use of RUT 0 at  Sun Sep 25 19:51:31 1994
Illegal Use of SHADOW! at Sun Sep 25 19:51:31 1994 by 0
Illegal Use of SHADOW! at Wed Sep 28 10:26:50 1994 by 0
ILLEGAL use of RUT mangla at  Sun Oct  9 20:21:44 1994
ILLEGAL use of RUT 0 at  Thu Nov 10 11:30:12 1994
Illegal Use of SHADOW! at Thu Nov 10 11:30:12 1994 by 0
ILLEGAL use of RUT 0 at  Mon Feb  6 19:59:00 1995
Illegal Use of SHADOW! at Mon Feb  6 19:59:00 1995 by 0
Illegal Use of SHADOW! at Tue Feb  7 10:43:36 1995 by 0
Illegal Use of SHADOW! at Sat Feb 11 22:08:58 1995 by beardy
Illegal Use of SHADOW! at Sat Feb 11 22:09:23 1995 by beardy
ILLEGAL use of RUT logon at  Sat Feb 11 22:58:20 1995
Illegal Use of SHADOW! at Sat Feb 11 22:58:20 1995 by logon
