Archwizard Matt summoned a djinn against Archwizard Matt at Sun Mar 20 10:52:10 1994
Archwizard Matt summoned a reaper against Archwizard Matt at Sun Mar 20 10:54:47 1994
Gareth summoned a djinn against Sprite at Wed Mar 23 03:10:37 1994
Someone summoned a reaper against Cyclops at Wed Mar 23 03:28:50 1994
Someone summoned a reaper against Blade at Wed Mar 23 03:54:49 1994
Someone summoned a reaper against Blade at Wed Mar 23 03:54:59 1994
airborne summoned a djinn against Airborne at Wed Mar 23 04:07:06 1994
airborne summoned a djinn against Someone at Wed Mar 23 04:08:12 1994
blade summoned a djinn against Gareth at Wed Mar 23 04:35:23 1994
dalamar summoned a djinn against Dalamar at Fri Mar 25 04:20:34 1994
blade summoned a reaper against Gareth at Fri Mar 25 05:06:12 1994
blade summoned a reaper against Gareth at Fri Mar 25 05:06:30 1994
blade summoned a djinn against Gareth at Fri Mar 25 05:06:40 1994
blade summoned a reaper against Gareth at Fri Mar 25 05:06:52 1994
blade summoned a djinn against Gareth at Fri Mar 25 05:06:58 1994
demolian summoned a djinn against Trooper at Sat Mar 26 05:47:58 1994
wacko summoned a djinn against Beevis at Sun Mar 27 05:49:13 1994
gareth summoned a djinn against The Greek God Apollo at Mon Mar 28 03:12:09 1994
gareth summoned a djinn against The Greek God Apollo at Mon Mar 28 03:12:21 1994
gollum summoned a djinn against Gollum at Tue Mar 29 23:49:26 1994
gareth summoned a djinn against The Greek God Apollo at Tue Apr  5 21:01:34 1994
blade summoned a reaper against Gareth at Tue Apr  5 23:28:22 1994
blade summoned a reaper against Gareth at Tue Apr  5 23:28:22 1994
blade summoned a reaper against Gareth at Tue Apr  5 23:28:22 1994
blade summoned a djinn against Gareth at Tue Apr  5 23:28:38 1994
blade summoned a djinn against Gareth at Tue Apr  5 23:28:38 1994
blade summoned a djinn against Gareth at Tue Apr  5 23:28:38 1994
blade summoned a djinn against Gareth at Tue Apr  5 23:31:38 1994
gareth summoned a reaper against Blade at Wed Apr  6 00:49:33 1994
gareth summoned a reaper against Blade at Wed Apr  6 00:49:43 1994
gareth summoned a djinn against Blade at Wed Apr  6 00:49:53 1994
colossus summoned a reaper against Colossus at Thu Apr  7 10:54:40 1994
gareth summoned a reaper against Tool Time Talos at Tue Apr 12 04:01:23 1994
gareth summoned a reaper against Tool Time Talos at Tue Apr 12 04:30:54 1994
gareth summoned a reaper against Mangla at Mon Apr 18 02:19:16 1994
gareth summoned a reaper against Mangla at Mon Apr 18 02:20:07 1994
wacko summoned a djinn against  Beelzebub at Mon Apr 18 02:51:33 1994
gareth summoned a djinn against Mangla at Mon Apr 18 03:33:01 1994
wacko summoned a reaper against Ed at Mon Apr 18 03:36:04 1994
wacko summoned a reaper against Ed at Mon Apr 18 03:38:22 1994
wacko summoned a djinn against Ed at Mon Apr 18 03:43:57 1994
lamorack summoned a djinn against Unwanted Mangla at Mon Apr 18 04:57:04 1994
lamorack summoned a djinn against  Apollo at Mon Apr 18 04:57:30 1994
gareth summoned a reaper against Glowing Jewel at Mon Apr 18 21:34:24 1994
gareth summoned a reaper against  Apollo at Mon Apr 18 22:36:52 1994
chapel summoned a reaper against Taziel at Wed Apr 20 06:28:04 1994
chapel summoned a djinn against Taziel at Wed Apr 20 06:29:36 1994
chapel summoned a reaper against Taziel at Wed Apr 20 06:31:05 1994
chapel summoned a reaper against Taziel at Wed Apr 20 06:33:12 1994
chapel summoned a reaper against Taziel at Wed Apr 20 06:33:54 1994
chapel summoned a djinn against Taziel at Wed Apr 20 06:35:35 1994
chapel summoned a djinn against Rook at Wed Apr 20 06:37:38 1994
chapel summoned a djinn against Rossi at Wed Apr 20 06:44:48 1994
chapel summoned a djinn against Rossi at Wed Apr 20 06:45:27 1994
chapel summoned a reaper against Rossi at Wed Apr 20 06:47:53 1994
chapel summoned a reaper against  Taziel at Wed Apr 20 06:51:18 1994
chapel summoned a reaper against Zaxx at Wed Apr 20 07:06:41 1994
chapel summoned a reaper against Outcast Omnicronus at Wed Apr 20 07:07:53 1994
chapel summoned a djinn against Zaxx at Wed Apr 20 07:08:38 1994
wacko summoned a reaper against Chapel at Wed Apr 20 07:13:08 1994
wacko summoned a djinn against Chapel at Wed Apr 20 07:14:56 1994
bido summoned a djinn against Blade at Thu Apr 21 02:01:11 1994
blade summoned a reaper against Gareth at Thu Apr 21 02:02:40 1994
blade summoned a reaper against Gareth at Thu Apr 21 02:02:40 1994
blade summoned a djinn against Gareth at Thu Apr 21 02:02:40 1994
blade summoned a djinn against Gareth at Thu Apr 21 02:02:40 1994
blade summoned a djinn against Gareth at Thu Apr 21 02:02:40 1994
wacko summoned a reaper against Blade at Thu Apr 21 03:31:53 1994
omnicronus summoned a reaper against Gareth at Thu Apr 21 06:35:02 1994
gareth summoned a djinn against Hawk at Thu Apr 21 22:07:50 1994
gareth summoned a djinn against Hawk at Thu Apr 21 22:08:09 1994
gareth summoned a djinn against Hawk at Thu Apr 21 22:08:29 1994
gareth summoned a reaper against Hawk at Thu Apr 21 22:08:35 1994
blade summoned a djinn against Hawk at Thu Apr 21 22:09:48 1994
gareth summoned a djinn against Hawk at Thu Apr 21 22:34:41 1994
gareth summoned a djinn against Cashmeres at Thu Apr 21 22:49:53 1994
gareth summoned a reaper against Hawk at Fri Apr 22 01:16:50 1994
gareth summoned a reaper against Cashmeres at Fri Apr 22 01:20:16 1994
gareth summoned a djinn against Cashmeres at Fri Apr 22 01:23:19 1994
gareth summoned a djinn against Peacemaker at Fri Apr 22 05:40:10 1994
gareth summoned a djinn against Mesmer at Fri Apr 22 19:56:44 1994
lamorack summoned a reaper against Brent at Sun Apr 24 08:18:05 1994
lamorack summoned a reaper against Brent at Sun Apr 24 08:23:53 1994
lamorack summoned a reaper against Brent at Sun Apr 24 08:24:01 1994
gareth summoned a djinn against Zues at Sun Apr 24 08:46:06 1994
gareth summoned a djinn against Zues at Sun Apr 24 08:47:24 1994
cashmeres summoned a djinn against Brent at Sun Apr 24 08:58:46 1994
cashmeres summoned a djinn against Brent at Sun Apr 24 09:01:15 1994
demolian summoned a reaper against  Cyclops at Mon Apr 25 04:45:14 1994
gareth summoned a reaper against Zues at Sat Apr 30 03:49:48 1994
guest summoned a reaper against Lore at Sat Apr 30 04:02:39 1994
guest summoned a reaper against Terminator Beelzebub at Sat Apr 30 04:03:32 1994
axlrose summoned a reaper against Zues at Sun May  1 05:21:53 1994
arthur summoned a reaper against Apprentice Nun Cashmere at Mon May  2 02:13:48 1994
arthur summoned a reaper against Apprentice Nun Cashmere at Mon May  2 02:14:01 1994
arthur summoned a djinn against Apprentice Nun Cashmere at Mon May  2 02:17:46 1994
beelzebub summoned a djinn against Apprentice Nun Cashmere at Mon May  2 02:21:23 1994
beelzebub summoned a reaper against Apprentice Nun Cashmere at Mon May  2 02:22:33 1994
gareth summoned a djinn against Can you believe Topaz at Tue May  3 03:54:50 1994
gareth summoned a reaper against Can you believe Topaz at Tue May  3 03:56:47 1994
gareth summoned a djinn against Can you believe Topaz at Tue May  3 03:57:17 1994
gareth summoned a reaper against Can you believe Topaz at Tue May  3 03:58:49 1994
gareth summoned a reaper against Djinni at Tue May  3 04:00:34 1994
gareth summoned a djinn against Djinni at Tue May  3 04:03:59 1994
cashmeres summoned a reaper against Sushi at Tue May  3 21:22:17 1994
cashmeres summoned a reaper against Sushi at Tue May  3 21:22:23 1994
cashmeres summoned a djinn against Sushi at Tue May  3 21:22:29 1994
cashmeres summoned a djinn against Sushi at Tue May  3 21:22:33 1994
cashmeres summoned a djinn against Sushi at Tue May  3 21:22:39 1994
cashmeres summoned a reaper against Sushi at Tue May  3 21:22:41 1994
louie summoned a reaper against Searcher at Wed May  4 04:29:50 1994
louie summoned a reaper against Searcher at Wed May  4 04:30:28 1994
demolian summoned a djinn against Beelzebub at Wed May  4 05:29:06 1994
beelzebub summoned a reaper against Lord advisor Demolian at Wed May  4 06:07:38 1994
beelzebub summoned a djinn against Lord advisor Demolian at Wed May  4 06:07:40 1994
beelzebub summoned a reaper against Lord advisor Demolian at Wed May  4 06:07:44 1994
beelzebub summoned a djinn against Lord advisor Demolian at Wed May  4 06:07:48 1994
gambit summoned a djinn against Gambit at Wed May  4 22:11:18 1994
gambit summoned a djinn against Silly Labarum at Wed May  4 22:12:39 1994
gambit summoned a djinn against Haplo at Wed May  4 22:15:16 1994
vramin summoned a reaper against Searcher at Thu May  5 08:30:12 1994
gareth summoned a reaper against Memyselfi at Fri May  6 02:00:52 1994
texas summoned a reaper against Tool Time Talos at Fri May  6 07:06:26 1994
texas summoned a reaper against Tool Time Talos at Fri May  6 07:06:46 1994
wacko summoned a djinn against Fuckface at Fri May  6 07:14:03 1994
texas summoned a reaper against Someone at Fri May  6 11:02:00 1994
texas summoned a reaper against Someone at Fri May  6 11:03:12 1994
texas summoned a reaper against Someone at Fri May  6 11:03:32 1994
texas summoned a reaper against Someone at Fri May  6 11:03:32 1994
texas summoned a reaper against Someone at Fri May  6 11:03:32 1994
texas summoned a reaper against Someone at Fri May  6 11:03:32 1994
texas summoned a reaper against Someone at Fri May  6 11:03:32 1994
twil summoned a reaper against Vagabond Swrab at Fri May  6 19:19:17 1994
twil summoned a djinn against Goldsun at Fri May  6 19:21:02 1994
twil summoned a djinn against Goldsun at Fri May  6 19:21:51 1994
twil summoned a djinn against Goldsun at Fri May  6 19:22:17 1994
twil summoned a reaper against Vagabond Swrab at Fri May  6 19:23:42 1994
twil summoned a reaper against Vagabond Swrab at Fri May  6 19:25:38 1994
hacker summoned a reaper against Muzmuz at Fri May  6 22:21:31 1994
hacker summoned a reaper against Muzmuz at Sat May  7 01:24:59 1994
marcos summoned a reaper against Silly Labarum at Tue May 10 23:49:54 1994
texas summoned a djinn against Texas at Thu May 19 15:23:55 1994
swrab summoned a djinn against Gladrin at Sun May 29 17:48:40 1994
swrab summoned a djinn against Goldsun at Sun May 29 19:27:18 1994
swrab summoned a djinn against Death Lord Herkules at Sun May 29 19:30:26 1994
swrab summoned a djinn against Death Lord Herkules at Sun May 29 19:30:26 1994
swrab summoned a djinn against Death Lord Herkules at Sun May 29 19:30:28 1994
swrab summoned a djinn against Some mist at Sun May 29 19:34:47 1994
swrab summoned a djinn against Conjurer Vil at Sun May 29 19:39:40 1994
swrab summoned a djinn against Conjurer Vil at Sun May 29 19:39:40 1994
morningsir summoned a djinn against Paradox at Mon May 30 18:28:10 1994
morningsir summoned a djinn against Brother Szabolcs at Mon May 30 18:32:53 1994
morningsir summoned a djinn against Brother Szabolcs at Mon May 30 18:33:42 1994
morningsir summoned a reaper against Brother Szabolcs at Mon May 30 18:34:20 1994
morningsir summoned a reaper against Brother Szabolcs at Mon May 30 18:35:00 1994
morningsir summoned a reaper against Brother Szabolcs at Mon May 30 18:35:02 1994
morningsir summoned a reaper against Brother Szabolcs at Mon May 30 18:35:04 1994
morningsir summoned a reaper against Brother Szabolcs at Mon May 30 18:35:11 1994
morningsir summoned a reaper against Brother Szabolcs at Mon May 30 18:36:51 1994
morningsir summoned a reaper against Seducer at Mon May 30 18:43:52 1994
swrab summoned a djinn against Someone at Mon May 30 19:35:40 1994
swrab summoned a djinn against Ago at Mon May 30 19:35:42 1994
swrab summoned a djinn against Ago at Mon May 30 19:35:42 1994
swrab summoned a djinn against Ago at Mon May 30 19:35:42 1994
swrab summoned a djinn against Ago at Mon May 30 19:35:44 1994
swrab summoned a djinn against Ago at Mon May 30 19:35:44 1994
morningsir summoned a djinn against Someone at Mon May 30 19:39:04 1994
morningsir summoned a djinn against Ago at Mon May 30 19:39:06 1994
morningsir summoned a djinn against Ago at Mon May 30 19:39:12 1994
morningsir summoned a reaper against Ago at Mon May 30 19:39:20 1994
morningsir summoned a reaper against Ago at Mon May 30 19:39:32 1994
morningsir summoned a reaper against Ago at Mon May 30 19:39:40 1994
swrab summoned a djinn against Apprentice mage Dubbeltje at Tue May 31 17:54:09 1994
swrab summoned a djinn against Apprentice mage Dubbeltje at Tue May 31 17:54:35 1994
swrab summoned a djinn against Apprentice mage Dubbeltje at Tue May 31 17:54:53 1994
nassa summoned a djinn against Someone at Fri Jun  3 22:03:42 1994
nassa summoned a djinn against Skeeter at Fri Jun  3 22:05:20 1994
nassa summoned a djinn against Chronomancer Body at Fri Jun  3 22:23:47 1994
nassa summoned a djinn against Chronomancer Body at Fri Jun  3 22:24:27 1994
gandalf summoned a reaper against Shogun Tatsuo at Thu Jul 14 02:58:00 1994
llort summoned a djinn against Whisky at Sun Sep  4 22:48:14 1994
llort summoned a reaper against Whisky at Sun Sep  4 22:48:30 1994
llort summoned a djinn against Herp at Sun Sep  4 22:48:55 1994
llort summoned a djinn against Sensei Pug at Sun Sep  4 22:50:44 1994
llort summoned a reaper against Sensei Pug at Sun Sep  4 22:52:43 1994
llort summoned a reaper against Whisky at Sun Sep  4 22:53:01 1994
herp summoned a reaper against Gehenna at Sun Sep  4 22:58:07 1994
llort summoned a djinn against Gehenna at Sun Sep  4 22:59:21 1994
llort summoned a djinn against Llort at Sun Sep  4 23:00:34 1994
llort summoned a reaper against Muzmuz at Thu Sep  8 18:28:52 1994
lamorack summoned a djinn against Widge at Sun Sep 11 04:12:26 1994
molsondry summoned a djinn against Gambit at Tue Sep 13 04:41:17 1994
molsondry summoned a reaper against Gambit at Tue Sep 13 04:50:59 1994
gawain summoned a djinn against Archmage Mordred at Thu Oct 13 17:43:41 1994
lamorack summoned a reaper against Saffron at Fri Oct 14 18:14:58 1994
just summoned a djinn against Fighter Biafra at Fri Oct 14 20:28:23 1994
just summoned a djinn against Fighter Biafra at Fri Oct 14 20:30:22 1994
just summoned a djinn against Fighter Biafra at Fri Oct 14 20:31:53 1994
just summoned a reaper against Fighter Biafra at Fri Oct 14 20:34:56 1994
llort summoned a reaper against Higher Monk Xylophon at Sat Oct 15 04:07:45 1994
aslade summoned a djinn against Aslade at Wed Oct 19 08:51:37 1994
cashimor summoned a djinn against Ethereal Cashimor at Wed Oct 19 08:58:08 1994
aslade summoned a djinn against Baer at Wed Oct 19 09:36:31 1994
aslade summoned a reaper against Baer at Wed Oct 19 09:45:05 1994
demolian summoned a reaper against Archmage Mordred at Wed Oct 19 21:32:48 1994
demolian summoned a reaper against Archmage Mordred at Wed Oct 19 21:34:34 1994
demolian summoned a reaper against Someone at Wed Oct 19 21:37:57 1994
demolian summoned a djinn against Someone at Wed Oct 19 21:39:20 1994
mordred summoned a djinn against Monk Demolian at Wed Oct 19 22:29:58 1994
mordred summoned a djinn against Monk Demolian at Wed Oct 19 22:30:42 1994
aslade summoned a djinn against Cara at Thu Oct 20 05:40:01 1994
aslade summoned a djinn against Cara at Thu Oct 20 05:40:19 1994
aslade summoned a reaper against Cara at Thu Oct 20 05:42:29 1994
aslade summoned a djinn against Cara at Thu Oct 20 05:53:04 1994
qaz summoned a djinn against Aslade at Fri Oct 21 09:06:41 1994
tatiana summoned a djinn against Outcast Urs at Sun Oct 23 22:01:21 1994
lamorack summoned a reaper against Archmage Mordred at Tue Oct 25 04:19:25 1994
lamorack summoned a reaper against Someone at Tue Oct 25 04:19:53 1994
mordred summoned a reaper against Lamorack at Tue Oct 25 04:23:43 1994
lamorack summoned a djinn against Archmage Mordred at Tue Oct 25 04:44:34 1994
gambit summoned a reaper against Gambit at Wed Oct 26 21:23:03 1994
sushi summoned a reaper against Saffron at Wed Oct 26 21:46:56 1994
sushi summoned a reaper against Rogue at Wed Oct 26 21:52:24 1994
wesley summoned a djinn against Tatsuo at Sat Oct 29 04:58:36 1994
wesley summoned a reaper against Tatsuo at Sat Oct 29 04:59:08 1994
lamorack summoned a reaper against Silas at Mon Oct 31 03:17:14 1994
linsolent summoned a djinn against Oleg at Thu Nov  3 10:09:58 1994
dispater summoned a reaper against Fighter Jennimal at Thu Nov  3 20:17:35 1994
demolian summoned a reaper against Someone at Sun Nov  6 22:05:41 1994
lamorack summoned a reaper against Peacemaker at Mon Nov  7 17:29:28 1994
whisky summoned a reaper against Muzmuz at Mon Nov  7 20:48:56 1994
muzmuz summoned a reaper against Whisky at Mon Nov  7 21:05:43 1994
muzmuz summoned a reaper against Muzmuz at Mon Nov  7 21:07:17 1994
muzmuz summoned a reaper against Muzmuz at Mon Nov  7 21:12:11 1994
muzmuz summoned a reaper against Muzmuz at Mon Nov  7 21:13:31 1994
muzmuz summoned a reaper against Muzmuz at Mon Nov  7 21:18:06 1994
muzmuz summoned a reaper against muzmuz at Tue Nov  8 16:46:39 1994
bertl summoned a reaper against bertl at Wed Nov  9 00:52:48 1994
bertl summoned a reaper against bertl at Wed Nov  9 01:01:00 1994
bertl summoned a reaper against bertl at Wed Nov  9 01:34:59 1994
misticalla summoned a reaper against misticalla at Wed Nov  9 04:23:15 1994
deth summoned a reaper against deth at Thu Nov 10 00:47:47 1994
deth summoned a reaper against deth at Thu Nov 10 00:48:22 1994
deth summoned a reaper against deth at Thu Nov 10 00:51:18 1994
deth summoned a reaper against deth at Thu Nov 10 01:12:17 1994
mordred summoned a djinn against Wacko at Thu Nov 10 04:15:20 1994
mordred summoned a djinn against Someone at Thu Nov 10 04:16:57 1994
wacko summoned a reaper against wacko at Thu Nov 10 04:18:27 1994
aelise summoned a reaper against aelise at Thu Nov 10 09:45:59 1994
aelise summoned a djinn against Brother Grommet at Thu Nov 10 09:50:22 1994
aelise summoned a djinn against Brother Grommet at Thu Nov 10 09:50:43 1994
gareth summoned a reaper against gareth at Sat Nov 12 00:28:04 1994
mars summoned a reaper against mars at Tue Nov 15 00:09:20 1994
mars summoned a reaper against mars at Tue Nov 15 00:12:34 1994
mars summoned a reaper against mars at Tue Nov 15 00:42:56 1994
molsondry summoned a djinn against Demolian at Thu Nov 17 05:25:57 1994
gareth summoned a reaper against gareth at Sat Nov 19 04:06:48 1994
gareth summoned a djinn against Balan at Sat Nov 19 04:07:16 1994
gareth summoned a reaper against gareth at Sat Nov 19 04:07:59 1994
tbw summoned a reaper against tbw at Wed Nov 23 10:26:16 1994
tbw summoned a reaper against tbw at Wed Nov 23 10:36:54 1994
silver summoned a djinn against Dark at Wed Nov 23 10:44:37 1994
silver summoned a djinn against Dark at Wed Nov 23 10:45:50 1994
silver summoned a reaper against silver at Wed Nov 23 10:59:25 1994
tbw summoned a reaper against tbw at Wed Nov 23 11:08:23 1994
silver summoned a djinn against Adept Edmond at Wed Nov 23 12:25:34 1994
silver summoned a reaper against silver at Wed Nov 23 12:37:28 1994
aelise summoned a djinn against Outcast Shuto at Fri Nov 25 01:15:57 1994
aelise summoned a djinn against Outcast Shuto at Fri Nov 25 01:16:05 1994
aelise summoned a djinn against Outcast Shuto at Fri Nov 25 01:16:11 1994
aelise summoned a reaper against aelise at Fri Nov 25 01:17:02 1994
widge summoned a reaper against widge at Fri Nov 25 04:33:00 1994
silver summoned a reaper against silver at Fri Nov 25 16:46:36 1994
silver summoned a reaper against silver at Sat Nov 26 01:10:38 1994
silver summoned a reaper against silver at Sat Nov 26 01:13:17 1994
bertl summoned a reaper against bertl at Sat Nov 26 01:21:50 1994
bertl summoned a reaper against bertl at Sat Nov 26 01:23:00 1994
baer summoned a reaper against baer at Sat Nov 26 15:28:24 1994
silver summoned a reaper against silver at Sat Nov 26 20:57:37 1994
guest summoned a reaper against guest at Sun Nov 27 01:39:35 1994
guest summoned a reaper against guest at Sun Nov 27 01:40:23 1994
silver summoned a reaper against silver at Sun Nov 27 01:41:34 1994
silver summoned a djinn against Fighter Dark at Tue Nov 29 14:57:59 1994
lamorack summoned a djinn against Mage lord Helmut at Thu Dec  1 23:53:04 1994
gareth summoned a reaper against gareth at Fri Dec  2 23:20:09 1994
beardy summoned a reaper against beardy at Sat Dec  3 14:56:56 1994
mars summoned a reaper against mars at Wed Dec  7 21:50:42 1994
wilbie summoned a djinn against Tatsuo at Thu Dec  8 19:14:44 1994
wilbie summoned a reaper against wilbie at Fri Dec  9 20:43:47 1994
wilbie summoned a djinn against Someone at Fri Dec  9 21:21:29 1994
wilbie summoned a reaper against wilbie at Fri Dec  9 22:01:53 1994
beardy summoned a reaper against beardy at Sat Dec 10 16:44:27 1994
beardy summoned a reaper against beardy at Sat Dec 10 16:44:55 1994
beardy summoned a reaper against beardy at Sat Dec 10 17:04:11 1994
linsolent summoned a djinn against Sir Beardy at Sat Dec 10 17:23:57 1994
beardy summoned a reaper against beardy at Sat Dec 10 17:24:11 1994
beardy summoned a reaper against beardy at Sat Dec 10 17:24:36 1994
beardy summoned a reaper against beardy at Sat Dec 10 17:24:58 1994
beardy summoned a djinn against Someone at Sat Dec 10 17:25:54 1994
beardy summoned a djinn against Seko the Beast at Sat Dec 10 17:26:47 1994
beardy summoned a djinn against The Dark Lord Sauron at Sat Dec 10 17:27:25 1994
beardy summoned a djinn against Archmage Leslie at Sat Dec 10 18:08:24 1994
beardy summoned a djinn against Archmage Leslie at Sat Dec 10 18:09:59 1994
beardy summoned a djinn against Someone at Sat Dec 10 18:11:39 1994
beardy summoned a reaper against beardy at Sat Dec 10 18:37:38 1994
beardy summoned a reaper against beardy at Sat Dec 10 18:38:39 1994
beardy summoned a reaper against beardy at Sat Dec 10 18:49:34 1994
linsolent summoned a djinn against Baer at Sat Dec 10 19:36:30 1994
beardy summoned a reaper against beardy at Sat Dec 10 19:53:10 1994
baer summoned a reaper against baer at Sat Dec 10 20:27:02 1994
beardy summoned a djinn against Thirsty Bertl at Sat Dec 10 23:44:52 1994
beardy summoned a djinn against Thirsty Bertl at Sat Dec 10 23:45:33 1994
beardy summoned a djinn against Thirsty Bertl at Sat Dec 10 23:47:04 1994
beardy summoned a reaper against beardy at Sat Dec 10 23:47:28 1994
linsolent summoned a djinn against Monk Mork at Sun Dec 11 07:18:34 1994
linsolent summoned a djinn against Beez at Sun Dec 11 07:20:27 1994
linsolent summoned a djinn against Dibby Dibby Daniella at Sun Dec 11 07:21:23 1994
wilbie summoned a djinn against Griffon at Sun Dec 11 19:18:15 1994
wilbie summoned a djinn against Ki at Sun Dec 11 21:00:37 1994
dispater summoned a reaper against dispater at Tue Dec 13 08:34:00 1994
linsolent summoned a djinn against Barbara at Wed Dec 14 15:02:52 1994
linsolent summoned a djinn against Pelgrim at Wed Dec 14 15:03:14 1994
linsolent summoned a djinn against Monk Kol at Wed Dec 14 15:53:08 1994
linsolent summoned a djinn against Apprentice mage Bubble at Wed Dec 14 15:55:42 1994
linsolent summoned a djinn against Sebi at Wed Dec 14 15:56:08 1994
tinman summoned a reaper against tinman at Thu Dec 15 19:22:26 1994
blaarg summoned a reaper against tinman at Thu Dec 15 19:25:11 1994
blaarg summoned a reaper against blaarg at Thu Dec 15 19:26:36 1994
dupre summoned a djinn against Kwhy at Fri Dec 16 05:15:18 1994
dupre summoned a reaper against dupre at Fri Dec 16 05:18:04 1994
dupre summoned a reaper against dupre at Fri Dec 16 05:41:41 1994
dupre summoned a reaper against dupre at Fri Dec 16 05:43:41 1994
dupre summoned a reaper against dupre at Fri Dec 16 06:12:22 1994
usa summoned a reaper against usa at Sat Dec 17 12:45:06 1994
galvatron summoned a reaper against galvatron at Sun Dec 18 10:12:38 1994
galvatron summoned a djinn against Monk Galvatron at Sun Dec 18 10:26:36 1994
galvatron summoned a djinn against Monk Galvatron at Sun Dec 18 10:26:54 1994
galvatron summoned a reaper against galvatron at Sun Dec 18 10:28:01 1994
linsolent summoned a djinn against Monk Slave at Sun Dec 18 13:13:41 1994
linsolent summoned a djinn against Baer at Mon Dec 19 15:39:16 1994
ddumbo summoned a reaper against ddumbo at Sat Dec 24 20:19:33 1994
beardy summoned a djinn against Arthur at Wed Dec 28 19:47:27 1994
beardy summoned a djinn against Arthur at Wed Dec 28 19:47:45 1994
evil summoned a djinn against Moron at Fri Jan  6 12:08:17 1995
evil summoned a reaper against moron at Fri Jan  6 12:11:07 1995
jemima summoned a reaper against jemima at Sat Jan  7 19:11:38 1995
evil summoned a reaper against evil at Sun Jan  8 23:17:08 1995
evil summoned a reaper against evil at Sun Jan  8 23:17:43 1995
evil summoned a reaper against evil at Sun Jan  8 23:18:17 1995
evil summoned a djinn against Monk Great at Sun Jan  8 23:21:22 1995
sphere summoned a djinn against Archmage Leslie at Wed Jan 11 11:49:55 1995
bertl summoned a reaper against bertl at Sun Jan 15 23:08:00 1995
bertl summoned a reaper against bertl at Sun Jan 15 23:08:37 1995
bertl summoned a reaper against bertl at Sun Jan 15 23:08:53 1995
bertl summoned a reaper against bertl at Sun Jan 15 23:11:07 1995
bertl summoned a reaper against arthur at Sun Jan 15 23:11:17 1995
bertl summoned a reaper against bertl at Sun Jan 15 23:17:53 1995
chandra summoned a djinn against Someone at Mon Jan 16 09:19:00 1995
chandra summoned a djinn against Oleg at Mon Jan 16 09:19:12 1995
chandra summoned a djinn against Oleg at Mon Jan 16 09:19:22 1995
chandra summoned a reaper against chandra at Mon Jan 16 09:26:42 1995
sphere summoned a djinn against Csl at Mon Jan 16 11:17:33 1995
sphere summoned a djinn against Csl at Mon Jan 16 11:20:42 1995
sphere summoned a djinn against Csl at Mon Jan 16 11:25:15 1995
sphere summoned a djinn against Caca at Tue Jan 17 11:38:23 1995
sphere summoned a djinn against Crazycraig at Tue Jan 17 11:50:56 1995
gareth summoned a djinn against Saffron at Thu Jan 19 03:00:54 1995
thorm summoned a reaper against thorm at Thu Jan 19 11:44:26 1995
thorm summoned a reaper against thorm at Thu Jan 19 11:54:31 1995
griffon summoned a djinn against Vash at Thu Jan 19 17:28:01 1995
griffon summoned a djinn against Vash at Thu Jan 19 17:47:53 1995
sob summoned a reaper against sob at Sat Jan 21 01:30:04 1995
sob summoned a reaper against sob at Sat Jan 21 01:40:10 1995
sob summoned a reaper against sob at Sat Jan 21 01:40:26 1995
chavez summoned a reaper against chavez at Sat Jan 21 02:25:47 1995
usa summoned a reaper against usa at Sat Jan 21 13:37:28 1995
usa summoned a reaper against usa at Sat Jan 21 13:45:18 1995
usa summoned a reaper against usa at Sat Jan 21 14:16:50 1995
linsolent summoned a djinn against Monk Usa at Sat Jan 21 14:38:05 1995
linsolent summoned a djinn against Arthur at Sat Jan 21 14:38:21 1995
linsolent summoned a djinn against Monk Hubioso at Sat Jan 21 14:38:37 1995
linsolent summoned a djinn against Monk Usa at Sat Jan 21 14:38:49 1995
usa summoned a djinn against Monk Usa at Sat Jan 21 14:49:08 1995
usa summoned a reaper against usa at Sat Jan 21 14:54:57 1995
usa summoned a reaper against usa at Sat Jan 21 14:59:35 1995
fang summoned a reaper against fang at Wed Jan 25 13:18:37 1995
morgoth summoned a reaper against morgoth at Wed Jan 25 17:51:27 1995
wilbie summoned a reaper against wilbie at Thu Jan 26 19:33:06 1995
llort summoned a djinn against Someone at Thu Jan 26 20:35:25 1995
llort summoned a reaper against llort at Thu Jan 26 20:36:15 1995
dalamar summoned a reaper against dalamar at Sat Jan 28 00:18:47 1995
tinman summoned a reaper against tinman at Wed Feb  8 06:30:46 1995
edmond summoned a djinn against Yawn at Sat Feb 11 19:07:04 1995
aslade summoned a reaper against aslade at Sun Feb 12 03:10:52 1995
aslade summoned a djinn against Monk Jaer at Sun Feb 12 03:12:06 1995
aslade summoned a djinn against Monk Jaer at Sun Feb 12 03:13:01 1995
omnicronus summoned a reaper against omnicronus at Sun Feb 12 03:48:48 1995
omnicronus summoned a reaper against omnicronus at Sun Feb 12 03:52:00 1995
omnicronus summoned a reaper against omnicronus at Sun Feb 12 03:52:55 1995
omnicronus summoned a reaper against omnicronus at Sun Feb 12 03:53:20 1995
omnicronus summoned a djinn against Omnicronus at Sun Feb 12 03:54:04 1995
omnicronus summoned a djinn against Omnicronus at Sun Feb 12 03:54:18 1995
fang summoned a reaper against fang at Sun Feb 12 16:02:53 1995
fang summoned a reaper against fang at Sun Feb 12 16:04:53 1995
toby summoned a djinn against Unus at Tue Feb 14 00:09:09 1995
kilardo summoned a djinn against Jonin Lamorack at Fri Feb 17 23:58:31 1995
kilardo summoned a djinn against Someone at Fri Feb 17 23:58:45 1995
kilardo summoned a reaper against gawain at Fri Feb 17 23:59:59 1995
kilardo summoned a reaper against kilardo at Sat Feb 18 00:00:01 1995
kilardo summoned a reaper against kilardo at Sat Feb 18 00:00:01 1995
kilardo summoned a djinn against Fuzzywuz at Sat Feb 18 00:00:31 1995
kilardo summoned a djinn against Jonin Lamorack at Sat Feb 18 00:02:02 1995
kilardo summoned a djinn against Someone at Sat Feb 18 00:02:06 1995
baywulf summoned a reaper against baywulf at Sat Feb 18 01:22:01 1995
gareth summoned a djinn against Gawain at Sat Feb 18 01:25:08 1995
toby summoned a djinn against Doolotz at Mon Feb 20 04:46:33 1995
griffon summoned a reaper against griffon at Mon Feb 20 05:43:13 1995
griffon summoned a djinn against Jimpa at Mon Feb 20 05:46:45 1995
griffon summoned a reaper against griffon at Wed Feb 22 00:11:32 1995
sushi summoned a djinn against Kringe at Fri Feb 24 19:51:31 1995
sushi summoned a djinn against Kringe at Fri Feb 24 19:53:34 1995
lamorack summoned a reaper against lamorack at Sun Feb 26 21:01:22 1995
lamorack summoned a reaper against lamorack at Sun Feb 26 21:08:26 1995
omnicronus summoned a reaper against omnicronus at Sun Feb 26 21:15:32 1995
omnicronus summoned a reaper against omnicronus at Sun Feb 26 21:16:04 1995
omnicronus summoned a reaper against omnicronus at Sun Feb 26 21:17:09 1995
linsolent summoned a djinn against Baer at Wed Mar  1 06:16:07 1995
linsolent summoned a djinn against Cara at Wed Mar  1 06:19:07 1995
mauvais summoned a djinn against Vess at Wed Mar  1 11:45:57 1995
galvatron summoned a reaper against galvatron at Fri Mar  3 21:01:52 1995
omnicronus summoned a reaper against omnicronus at Sat Mar  4 04:36:01 1995
omnicronus summoned a djinn against Wanderer Morrolan at Sat Mar  4 04:36:31 1995
pretzel summoned a reaper against pretzel at Sat Mar  4 05:32:55 1995
mauvais summoned a djinn against Cara at Sat Mar  4 17:30:41 1995
smith summoned a reaper against smith at Mon Mar  6 17:08:38 1995
smith summoned a reaper against smith at Mon Mar  6 17:14:57 1995
drow summoned a reaper against drow at Tue Mar  7 14:48:02 1995
mauvais summoned a djinn against Selene at Sun Mar 12 03:42:14 1995
mauvais summoned a djinn against Selene at Sun Mar 12 03:42:37 1995
mauvais summoned a djinn against Selene at Sun Mar 12 03:42:59 1995
mauvais summoned a reaper against mauvais at Sun Mar 12 03:43:23 1995
yahoo summoned a reaper against yahoo at Sun Mar 12 19:52:02 1995
demolian summoned a djinn against Buddah Linsolent at Wed Mar 15 17:26:17 1995
demolian summoned a djinn against Buddah Linsolent at Wed Mar 15 17:26:21 1995
wilbie summoned a djinn against Glorfindel at Thu Mar 16 21:04:00 1995
lamorack summoned a djinn against Monk Cane at Mon Mar 20 00:58:16 1995
lamorack summoned a djinn against Bucknaked at Mon Mar 20 01:08:53 1995
lamorack summoned a djinn against Griffon at Mon Mar 20 01:09:34 1995
lamorack summoned a djinn against Lynne at Mon Mar 20 01:12:06 1995
demolian summoned a djinn against Mage-legend Cheesewhiz at Fri Mar 24 01:58:18 1995
demolian summoned a djinn against Mage-legend Cheesewhiz at Fri Mar 24 01:58:20 1995
demolian summoned a djinn against Mage-legend Cheesewhiz at Fri Mar 24 01:58:22 1995
tamina summoned a reaper against tamina at Wed Mar 29 22:31:01 1995
saber summoned a reaper against tamina at Wed Mar 29 22:32:35 1995
saber summoned a djinn against Archmage Soozie at Wed Mar 29 23:06:19 1995
saber summoned a reaper against saber at Wed Mar 29 23:09:38 1995
saber summoned a djinn against Dragonn at Wed Mar 29 23:45:09 1995
saber summoned a djinn against Monk Albert at Wed Mar 29 23:47:36 1995
saber summoned a djinn against Archmage Leslie at Wed Mar 29 23:57:23 1995
saber summoned a djinn against Griffon at Wed Mar 29 23:59:44 1995
saber summoned a reaper against shades at Thu Mar 30 01:14:45 1995
saber summoned a reaper against saber at Thu Mar 30 02:37:09 1995
saber summoned a reaper against saber at Thu Mar 30 04:55:14 1995
saber summoned a djinn against Griffon at Thu Mar 30 04:57:29 1995
saber summoned a djinn against Griffon at Thu Mar 30 04:57:31 1995
saber summoned a djinn against Griffon at Thu Mar 30 04:57:33 1995
saber summoned a djinn against Griffon at Thu Mar 30 04:57:33 1995
saber summoned a reaper against saber at Thu Mar 30 05:32:43 1995
saber summoned a reaper against saber at Thu Mar 30 05:40:54 1995
saber summoned a reaper against griffon at Thu Mar 30 19:53:44 1995
saber summoned a reaper against saber at Thu Mar 30 21:32:13 1995
saber summoned a reaper against saber at Thu Mar 30 21:45:26 1995
wilbie summoned a djinn against Zera at Thu Mar 30 22:06:59 1995
saber summoned a reaper against saber at Fri Mar 31 00:39:22 1995
saber summoned a reaper against saber at Fri Mar 31 00:47:05 1995
saber summoned a djinn against Utter Monk Mathius at Fri Mar 31 00:53:57 1995
saber summoned a djinn against Utter Monk Mathius at Fri Mar 31 00:53:57 1995
saber summoned a djinn against Utter Monk Mathius at Fri Mar 31 00:53:59 1995
saber summoned a djinn against Utter Monk Mathius at Fri Mar 31 00:53:59 1995
soozie summoned a reaper against soozie at Fri Mar 31 01:15:03 1995
soozie summoned a reaper against jaer at Fri Mar 31 01:17:25 1995
mathius summoned a reaper against mathius at Fri Mar 31 19:23:19 1995
saber summoned a reaper against saber at Fri Mar 31 19:24:15 1995
pretzel summoned a reaper against pretzel at Fri Mar 31 21:53:53 1995
pretzel summoned a reaper against jaer at Fri Mar 31 21:54:27 1995
pretzel summoned a reaper against pretzel at Fri Mar 31 21:54:48 1995
pretzel summoned a reaper against pretzel at Fri Mar 31 21:55:19 1995
iransaxa summoned a reaper against iransaxa at Sat Apr  1 22:00:27 1995
saber summoned a reaper against saber at Sat Apr  1 22:20:32 1995
gorlin summoned a reaper against gorlin at Mon Apr  3 15:03:42 1995
gorlin summoned a reaper against gorlin at Mon Apr  3 15:54:33 1995
gorlin summoned a djinn against Endicator at Mon Apr  3 17:09:00 1995
saber summoned a reaper against saber at Mon Apr  3 19:32:38 1995
saber summoned a reaper against saber at Mon Apr  3 19:32:51 1995
gareth summoned a reaper against gareth at Mon Apr  3 21:08:31 1995
gareth summoned a reaper against gareth at Mon Apr  3 21:09:46 1995
gareth summoned a reaper against gareth at Mon Apr  3 21:10:07 1995
gareth summoned a djinn against Balan at Mon Apr  3 21:11:02 1995
balan summoned a reaper against balan at Mon Apr  3 21:11:41 1995
balan summoned a reaper against balan at Mon Apr  3 21:12:27 1995
saber summoned a reaper against saber at Mon Apr 10 23:38:41 1995
saber summoned a reaper against saber at Tue Apr 11 01:54:42 1995
saber summoned a reaper against saber at Tue Apr 11 01:56:03 1995
saber summoned a djinn against Outer World Ruler Kol at Tue Apr 11 02:06:08 1995
saber summoned a djinn against Lord advisor Saber at Tue Apr 11 02:06:27 1995
saber summoned a djinn against Outer World Ruler Kol at Tue Apr 11 02:07:05 1995
saber summoned a djinn against Lord advisor Saber at Tue Apr 11 02:07:31 1995
saber summoned a djinn against Lord advisor Saber at Tue Apr 11 02:28:33 1995
arthur summoned a djinn against Clueless Arthur at Tue Apr 11 06:06:03 1995
arthur summoned a djinn against Gareth at Tue Apr 11 06:08:07 1995
akira summoned a reaper against akira at Wed Apr 12 21:25:46 1995
akira summoned a reaper against sphinx at Wed Apr 12 21:28:15 1995
mathius summoned a djinn against Tsubaki at Fri Apr 14 21:08:26 1995
pretzel summoned a reaper against pretzel at Sat Apr 15 01:39:56 1995
pretzel summoned a reaper against pretzel at Sat Apr 15 01:40:16 1995
pretzel summoned a reaper against tsubaki at Sat Apr 15 01:41:08 1995
iransaxa summoned a djinn against Titan Pretzel at Sat Apr 15 08:50:19 1995
mathius summoned a djinn against Someone at Sat Apr 15 22:21:35 1995
mathius summoned a reaper against mathius at Sat Apr 15 22:22:10 1995
mathius summoned a reaper against mathius at Sat Apr 15 22:23:33 1995
aldus summoned a reaper against aldus at Mon Apr 17 05:42:53 1995
saber summoned a reaper against saber at Mon Apr 17 05:56:42 1995
saber summoned a reaper against saber at Mon Apr 17 19:29:06 1995
saber summoned a reaper against mathius at Mon Apr 17 19:29:32 1995
saber summoned a reaper against saber at Mon Apr 17 19:29:44 1995
saber summoned a reaper against saber at Mon Apr 17 19:30:33 1995
saber summoned a djinn against Someone at Mon Apr 17 19:42:56 1995
saber summoned a djinn against Mathius at Mon Apr 17 19:42:58 1995
saber summoned a djinn against Mathius at Mon Apr 17 19:42:58 1995
sushi summoned a djinn against Spriggat at Thu Apr 20 01:27:14 1995
sushi summoned a djinn against Spriggat at Thu Apr 20 01:29:56 1995
sushi summoned a djinn against Spriggat at Thu Apr 20 01:30:06 1995
sushi summoned a djinn against Spriggat at Thu Apr 20 01:37:10 1995
sushi summoned a reaper against sushi at Thu Apr 20 01:41:29 1995
sushi summoned a djinn against Spriggat at Thu Apr 20 02:48:01 1995
sushi summoned a djinn against Spriggat at Thu Apr 20 02:55:32 1995
sushi summoned a djinn against Spriggat at Thu Apr 20 02:59:08 1995
evil summoned a djinn against Megatroll at Thu Apr 20 12:46:43 1995
evil summoned a djinn against Megatroll at Thu Apr 20 12:49:53 1995
evil summoned a djinn against Megatroll at Thu Apr 20 12:50:37 1995
saber summoned a reaper against saber at Thu Apr 20 22:01:28 1995
saber summoned a reaper against saber at Thu Apr 20 22:54:57 1995
saber summoned a reaper against saber at Thu Apr 20 22:58:39 1995
saber summoned a djinn against Saber at Thu Apr 20 23:07:18 1995
mudpie summoned a djinn against Cheetah at Fri Apr 21 16:47:42 1995
task summoned a djinn against Jimpa at Sat Apr 22 02:45:20 1995
shades summoned a reaper against shades at Sat Apr 22 03:52:32 1995
svengali summoned a djinn against Jimpa at Sat Apr 22 03:53:59 1995
shades summoned a reaper against shades at Sat Apr 22 03:54:17 1995
shades summoned a reaper against shades at Sat Apr 22 03:54:51 1995
svengali summoned a djinn against Monk Stanng at Sat Apr 22 04:12:12 1995
shades summoned a djinn against Jimpa at Sat Apr 22 04:15:53 1995
svengali summoned a djinn against Jimpa at Sat Apr 22 04:17:38 1995
shades summoned a djinn against Enterprise at Sat Apr 22 20:53:26 1995
svengali summoned a djinn against Nun Woody at Sun Apr 23 05:31:52 1995
schpankay summoned a djinn against Llisa at Sun Apr 23 09:09:47 1995
shades summoned a djinn against Jenza at Sun Apr 23 20:17:07 1995
solomanus summoned a djinn against Qtya at Sun Apr 23 21:10:45 1995
solomanus summoned a djinn against Qtya at Sun Apr 23 21:15:05 1995
shades summoned a djinn against Svengali at Sun Apr 23 21:48:19 1995
schpankay summoned a djinn against Svengali at Mon Apr 24 03:34:00 1995
schpankay summoned a djinn against Svengali at Mon Apr 24 03:34:14 1995
schpankay summoned a djinn against Svengali at Mon Apr 24 03:34:26 1995
schpankay summoned a djinn against Wesleyanne at Mon Apr 24 04:53:19 1995
schpankay summoned a djinn against Chantilly at Mon Apr 24 04:54:03 1995
jaer summoned a reaper against jaer at Mon Apr 24 05:06:07 1995
jaer summoned a reaper against jaer at Mon Apr 24 05:06:52 1995
schpankay summoned a djinn against Silas at Mon Apr 24 06:44:49 1995
schpankay summoned a djinn against Baer Baer at Mon Apr 24 06:46:18 1995
urs summoned a reaper against urs at Mon Apr 24 08:46:59 1995
efloren summoned a reaper against efloren at Mon Apr 24 09:57:09 1995
efloren summoned a djinn against Jimpa at Mon Apr 24 09:57:33 1995
jaer summoned a reaper against jaer at Mon Apr 24 23:55:20 1995
urs summoned a reaper against urs at Tue Apr 25 02:57:54 1995
evil summoned a reaper against fate at Wed Apr 26 04:37:31 1995
task summoned a djinn against Lpmaster at Wed Apr 26 19:18:54 1995
joerg summoned a djinn against Selfman at Thu Apr 27 11:49:08 1995
joerg summoned a djinn against Selfman at Thu Apr 27 11:49:40 1995
joerg summoned a djinn against Selfman at Thu Apr 27 11:49:54 1995
joerg summoned a reaper against joerg at Thu Apr 27 11:51:03 1995
joerg summoned a reaper against joerg at Thu Apr 27 11:52:00 1995
joerg summoned a reaper against joerg at Thu Apr 27 11:52:18 1995
joerg summoned a reaper against joerg at Thu Apr 27 12:00:14 1995
ynnys summoned a djinn against Some mist at Fri Apr 28 04:06:23 1995
efloren summoned a reaper against efloren at Fri Apr 28 04:12:21 1995
efloren summoned a reaper against efloren at Fri Apr 28 04:12:48 1995
efloren summoned a reaper against zandor at Fri Apr 28 04:13:14 1995
gar summoned a djinn against Sphinx at Fri Apr 28 05:00:25 1995
schpankay summoned a reaper against schpankay at Fri Apr 28 07:25:54 1995
kilardo summoned a reaper against kilardo at Fri Apr 28 10:37:15 1995
kilardo summoned a reaper against blairv at Fri Apr 28 10:38:42 1995
kilardo summoned a reaper against kilardo at Fri Apr 28 10:43:16 1995
hypno summoned a djinn against Megatroll at Fri Apr 28 11:38:36 1995
hypno summoned a djinn against Megatroll at Fri Apr 28 11:41:06 1995
blairv summoned a djinn against Megatroll at Fri Apr 28 11:41:20 1995
hypno summoned a djinn against Megatroll at Fri Apr 28 11:41:50 1995
hypno summoned a djinn against Megatroll at Fri Apr 28 11:42:19 1995
blairv summoned a djinn against Archmage Hypno at Fri Apr 28 14:20:31 1995
blairv summoned a reaper against blairv at Fri Apr 28 14:23:44 1995
blairv summoned a djinn against Rosset at Fri Apr 28 14:47:03 1995
blairv summoned a djinn against Rosset at Fri Apr 28 14:47:46 1995
koxy summoned a reaper against rosset at Fri Apr 28 15:23:36 1995
neimad summoned a djinn against Reinforce at Fri Apr 28 20:03:22 1995
efloren summoned a reaper against efloren at Fri Apr 28 21:56:23 1995
efloren summoned a reaper against daniella at Fri Apr 28 21:56:31 1995
efloren summoned a reaper against efloren at Fri Apr 28 21:56:54 1995
efloren summoned a djinn against Jimpa at Fri Apr 28 21:57:22 1995
kilardo summoned a reaper against kilardo at Fri Apr 28 22:34:56 1995
efloren summoned a djinn against Tristan at Sat Apr 29 01:13:51 1995
efloren summoned a djinn against Tristan at Sat Apr 29 01:13:57 1995
jaer summoned a reaper against jaer at Sat Apr 29 04:46:31 1995
jaer summoned a reaper against jaer at Sat Apr 29 04:48:57 1995
saber summoned a reaper against saber at Sat Apr 29 08:04:10 1995
selene summoned a djinn against Arch-Druid Kilardo at Sat Apr 29 08:40:20 1995
selene summoned a djinn against Arch-Druid Kilardo at Sat Apr 29 08:40:34 1995
selene summoned a djinn against Arch-Druid Kilardo at Sat Apr 29 08:40:44 1995
cheesewhiz summoned a djinn against Someone at Sat Apr 29 11:10:11 1995
leslie summoned a reaper against kiri at Sat Apr 29 15:36:30 1995
tegerl summoned a djinn against Lissa at Sat Apr 29 17:17:20 1995
hypno summoned a djinn against Jedi-legend Joerg at Sat Apr 29 17:18:02 1995
tegerl summoned a djinn against Thumper at Sat Apr 29 17:20:29 1995
tegerl summoned a djinn against Thumper at Sat Apr 29 17:20:31 1995
tegerl summoned a djinn against Thumper at Sat Apr 29 17:20:31 1995
tegerl summoned a djinn against Thumper at Sat Apr 29 17:20:33 1995
tegerl summoned a djinn against Thumper at Sat Apr 29 17:20:33 1995
tegerl summoned a djinn against Thumper at Sat Apr 29 17:20:37 1995
tegerl summoned a djinn against Thumper at Sat Apr 29 17:20:37 1995
tegerl summoned a djinn against Thumper at Sat Apr 29 17:20:39 1995
tegerl summoned a djinn against Someone at Sat Apr 29 17:22:48 1995
tegerl summoned a djinn against Someone at Sat Apr 29 17:22:48 1995
tegerl summoned a djinn against Thumper at Sat Apr 29 17:22:52 1995
tegerl summoned a djinn against Thumper at Sat Apr 29 17:22:52 1995
tegerl summoned a djinn against Thumper at Sat Apr 29 17:22:54 1995
tegerl summoned a djinn against Thumper at Sat Apr 29 17:22:54 1995
tegerl summoned a djinn against Someone at Sat Apr 29 17:23:56 1995
tegerl summoned a djinn against Archmage Blairv at Sat Apr 29 17:24:27 1995
tegerl summoned a djinn against Archmage Blairv at Sat Apr 29 17:24:33 1995
tegerl summoned a djinn against Archmage Blairv at Sat Apr 29 17:24:33 1995
tegerl summoned a djinn against Archmage Blairv at Sat Apr 29 17:24:35 1995
tegerl summoned a djinn against Archmage Blairv at Sat Apr 29 17:24:35 1995
tegerl summoned a djinn against Archmage Blairv at Sat Apr 29 17:24:37 1995
tegerl summoned a djinn against Archmage Blairv at Sat Apr 29 17:24:37 1995
tegerl summoned a djinn against Archmage Blairv at Sat Apr 29 17:24:39 1995
rookie summoned a djinn against Adept Syrah at Sat Apr 29 18:09:00 1995
rookie summoned a djinn against Adept Syrah at Sat Apr 29 18:09:22 1995
rookie summoned a djinn against Adept Syrah at Sat Apr 29 18:09:22 1995
rookie summoned a djinn against Adept Syrah at Sat Apr 29 18:09:24 1995
rookie summoned a djinn against Adept Syrah at Sat Apr 29 18:09:24 1995
rookie summoned a djinn against Adept Syrah at Sat Apr 29 18:09:24 1995
tegerl summoned a djinn against Archmage Soozie at Sat Apr 29 18:09:50 1995
tegerl summoned a djinn against Morrolan at Sat Apr 29 18:11:07 1995
tegerl summoned a djinn against Morrolan at Sat Apr 29 18:11:09 1995
tegerl summoned a djinn against Morrolan at Sat Apr 29 18:11:09 1995
tegerl summoned a djinn against Morrolan at Sat Apr 29 18:11:11 1995
tegerl summoned a djinn against Morrolan at Sat Apr 29 18:11:11 1995
tegerl summoned a djinn against Morrolan at Sat Apr 29 18:11:11 1995
tegerl summoned a djinn against Morrolan at Sat Apr 29 18:11:13 1995
tegerl summoned a djinn against Morrolan at Sat Apr 29 18:11:13 1995
tegerl summoned a djinn against Morrolan at Sat Apr 29 18:11:13 1995
tegerl summoned a djinn against Morrolan at Sat Apr 29 18:11:15 1995
tegerl summoned a djinn against Morrolan at Sat Apr 29 18:11:15 1995
tegerl summoned a djinn against Morrolan at Sat Apr 29 18:11:17 1995
tegerl summoned a djinn against Morrolan at Sat Apr 29 18:11:17 1995
tegerl summoned a djinn against Morrolan at Sat Apr 29 18:11:17 1995
tegerl summoned a djinn against Morrolan at Sat Apr 29 18:11:19 1995
tegerl summoned a djinn against Dragonn at Sat Apr 29 18:13:34 1995
tegerl summoned a djinn against Dragonn at Sat Apr 29 18:13:34 1995
tegerl summoned a djinn against Dragonn at Sat Apr 29 18:13:36 1995
tegerl summoned a djinn against Dragonn at Sat Apr 29 18:13:36 1995
tegerl summoned a djinn against Dragonn at Sat Apr 29 18:13:36 1995
tegerl summoned a djinn against Dragonn at Sat Apr 29 18:13:38 1995
tegerl summoned a djinn against Dragonn at Sat Apr 29 18:13:38 1995
tegerl summoned a djinn against Dragonn at Sat Apr 29 18:13:38 1995
tegerl summoned a djinn against Dragonn at Sat Apr 29 18:13:40 1995
tegerl summoned a djinn against Dragonn at Sat Apr 29 18:13:40 1995
tegerl summoned a djinn against Dragonn at Sat Apr 29 18:13:40 1995
tegerl summoned a djinn against Dragonn at Sat Apr 29 18:13:42 1995
tegerl summoned a djinn against Dragonn at Sat Apr 29 18:13:42 1995
tegerl summoned a djinn against Dragonn at Sat Apr 29 18:13:44 1995
tegerl summoned a djinn against Demolian at Sat Apr 29 19:33:42 1995
tegerl summoned a djinn against Demolian at Sat Apr 29 19:33:44 1995
tegerl summoned a djinn against Demolian at Sat Apr 29 19:33:44 1995
tegerl summoned a djinn against Demolian at Sat Apr 29 19:33:44 1995
tegerl summoned a djinn against Demolian at Sat Apr 29 19:33:46 1995
tegerl summoned a djinn against Demolian at Sat Apr 29 19:33:46 1995
tegerl summoned a djinn against Demolian at Sat Apr 29 19:33:46 1995
tegerl summoned a djinn against Demolian at Sat Apr 29 19:33:48 1995
tegerl summoned a djinn against Demolian at Sat Apr 29 19:33:48 1995
tegerl summoned a djinn against Demolian at Sat Apr 29 19:33:48 1995
tegerl summoned a djinn against Demolian at Sat Apr 29 19:33:48 1995
tegerl summoned a djinn against Demolian at Sat Apr 29 19:33:50 1995
tegerl summoned a djinn against Demolian at Sat Apr 29 19:33:50 1995
tegerl summoned a djinn against Demolian at Sat Apr 29 19:33:50 1995
tegerl summoned a djinn against Demolian at Sat Apr 29 19:33:52 1995
tegerl summoned a djinn against Demolian at Sat Apr 29 19:33:52 1995
tegerl summoned a djinn against Demolian at Sat Apr 29 19:33:54 1995
tegerl summoned a djinn against Demolian at Sat Apr 29 19:33:56 1995
tegerl summoned a djinn against Demolian at Sat Apr 29 19:33:56 1995
tegerl summoned a djinn against Demolian at Sat Apr 29 19:33:56 1995
tegerl summoned a djinn against Demolian at Sat Apr 29 19:33:56 1995
tegerl summoned a djinn against Demolian at Sat Apr 29 19:33:58 1995
tegerl summoned a djinn against Demolian at Sat Apr 29 19:33:58 1995
tegerl summoned a djinn against Demolian at Sat Apr 29 19:33:58 1995
tegerl summoned a djinn against Demolian at Sat Apr 29 19:34:00 1995
tegerl summoned a djinn against Demolian at Sat Apr 29 19:34:00 1995
tegerl summoned a djinn against Demolian at Sat Apr 29 19:34:00 1995
tegerl summoned a djinn against Demolian at Sat Apr 29 19:34:02 1995
tegerl summoned a djinn against Demolian at Sat Apr 29 19:34:02 1995
tegerl summoned a djinn against Demolian at Sat Apr 29 19:34:02 1995
tegerl summoned a djinn against Demolian at Sat Apr 29 19:34:02 1995
tegerl summoned a djinn against Demolian at Sat Apr 29 19:34:02 1995
tegerl summoned a djinn against Demolian at Sat Apr 29 19:34:04 1995
tegerl summoned a djinn against Demolian at Sat Apr 29 19:34:04 1995
tegerl summoned a djinn against Demolian at Sat Apr 29 19:34:04 1995
tegerl summoned a djinn against Demolian at Sat Apr 29 19:34:06 1995
tegerl summoned a djinn against Demolian at Sat Apr 29 19:34:06 1995
tegerl summoned a djinn against Demolian at Sat Apr 29 19:34:06 1995
tegerl summoned a djinn against Demolian at Sat Apr 29 19:34:08 1995
tegerl summoned a djinn against Demolian at Sat Apr 29 19:34:08 1995
tegerl summoned a djinn against Demolian at Sat Apr 29 19:34:08 1995
tegerl summoned a djinn against Demolian at Sat Apr 29 19:34:10 1995
tegerl summoned a djinn against Demolian at Sat Apr 29 19:34:10 1995
tegerl summoned a djinn against Demolian at Sat Apr 29 19:34:10 1995
tegerl summoned a djinn against Demolian at Sat Apr 29 19:34:10 1995
tegerl summoned a djinn against Demolian at Sat Apr 29 19:34:12 1995
tegerl summoned a djinn against Demolian at Sat Apr 29 19:34:12 1995
tegerl summoned a djinn against Demolian at Sat Apr 29 19:34:12 1995
tegerl summoned a djinn against Demolian at Sat Apr 29 19:34:14 1995
tegerl summoned a djinn against Demolian at Sat Apr 29 19:34:14 1995
tegerl summoned a djinn against Demolian at Sat Apr 29 19:34:14 1995
tegerl summoned a djinn against Demolian at Sat Apr 29 19:34:14 1995
tegerl summoned a djinn against Demolian at Sat Apr 29 19:34:16 1995
tegerl summoned a djinn against Demolian at Sat Apr 29 19:34:16 1995
tegerl summoned a djinn against Demolian at Sat Apr 29 19:34:16 1995
tegerl summoned a djinn against Demolian at Sat Apr 29 19:34:16 1995
tegerl summoned a djinn against Demolian at Sat Apr 29 19:34:19 1995
tegerl summoned a djinn against Demolian at Sat Apr 29 19:34:19 1995
tegerl summoned a djinn against Demolian at Sat Apr 29 19:34:19 1995
tegerl summoned a djinn against Demolian at Sat Apr 29 19:34:19 1995
tegerl summoned a djinn against Demolian at Sat Apr 29 19:34:21 1995
tegerl summoned a djinn against Demolian at Sat Apr 29 19:34:21 1995
tegerl summoned a djinn against Demolian at Sat Apr 29 19:34:21 1995
tegerl summoned a djinn against Demolian at Sat Apr 29 19:34:21 1995
tegerl summoned a djinn against Demolian at Sat Apr 29 19:34:23 1995
tegerl summoned a djinn against Demolian at Sat Apr 29 19:34:23 1995
tegerl summoned a djinn against Demolian at Sat Apr 29 19:34:23 1995
tegerl summoned a djinn against Demolian at Sat Apr 29 19:34:23 1995
tegerl summoned a djinn against Demolian at Sat Apr 29 19:34:25 1995
tegerl summoned a djinn against Demolian at Sat Apr 29 19:34:25 1995
tegerl summoned a djinn against Demolian at Sat Apr 29 19:34:25 1995
tegerl summoned a djinn against Demolian at Sat Apr 29 19:34:25 1995
tegerl summoned a djinn against Demolian at Sat Apr 29 19:34:27 1995
tegerl summoned a djinn against Demolian at Sat Apr 29 19:34:27 1995
tegerl summoned a djinn against Demolian at Sat Apr 29 19:34:27 1995
tegerl summoned a djinn against Demolian at Sat Apr 29 19:34:27 1995
tegerl summoned a djinn against Demolian at Sat Apr 29 19:34:29 1995
tegerl summoned a djinn against Demolian at Sat Apr 29 19:34:29 1995
bertl summoned a djinn against A statue made of stone, in memoriam Tegerl at Sun Apr 30 03:30:20 1995
kiri summoned a reaper against kiri at Sun Apr 30 05:00:44 1995
kiri summoned a reaper against wesleyanne at Sun Apr 30 05:20:05 1995
pretzel summoned a reaper against pretzel at Sun Apr 30 06:31:34 1995
pretzel summoned a reaper against pretzel at Sun Apr 30 06:31:49 1995
pretzel summoned a reaper against pretzel at Sun Apr 30 06:32:01 1995
svengali summoned a djinn against Thumper at Sun Apr 30 07:21:57 1995
kiri summoned a djinn against Conjurer Nunu at Sun Apr 30 08:29:44 1995
nunu summoned a djinn against Conjurer Nunu at Sun Apr 30 09:02:20 1995
nunu summoned a djinn against Conjurer Nunu at Sun Apr 30 09:06:15 1995
nunu summoned a djinn against Conjurer Nunu at Sun Apr 30 09:18:10 1995
blairv summoned a djinn against Evil at Sun Apr 30 13:09:43 1995
blairv summoned a djinn against Waldo at Sun Apr 30 17:09:34 1995
honzo summoned a reaper against honzo at Mon May  1 00:50:36 1995
jaer summoned a djinn against Gar at Mon May  1 00:54:34 1995
jaer summoned a djinn against Griffon at Mon May  1 00:54:57 1995
smith summoned a reaper against smith at Mon May  1 02:22:13 1995
svengali summoned a djinn against Figleaf at Mon May  1 03:24:29 1995
llisa summoned a djinn against Figleaf at Mon May  1 04:03:22 1995
evil summoned a djinn against Dragonn at Mon May  1 10:06:11 1995
evil summoned a reaper against evil at Mon May  1 10:07:52 1995
neimad summoned a reaper against neimad at Mon May  1 12:25:40 1995
neimad summoned a djinn against Ccor at Mon May  1 12:28:46 1995
neimad summoned a djinn against Ccor at Mon May  1 12:29:00 1995
neimad summoned a djinn against Ccor at Mon May  1 12:29:44 1995
blairv summoned a djinn against Fighter-Legend Kewl at Mon May  1 14:56:14 1995
kiri summoned a reaper against kiri at Mon May  1 16:42:24 1995
svengali summoned a djinn against Lyssa at Mon May  1 17:48:47 1995
saber summoned a reaper against saber at Mon May  1 18:49:05 1995
saber summoned a reaper against saber at Mon May  1 18:49:28 1995
saber summoned a reaper against griffon at Mon May  1 18:49:48 1995
saber summoned a djinn against Griffon at Mon May  1 18:50:08 1995
saber summoned a reaper against saber at Mon May  1 18:50:44 1995
solomanus summoned a reaper against solomanus at Tue May  2 00:37:17 1995
efloren summoned a reaper against efloren at Tue May  2 00:46:53 1995
solomanus summoned a reaper against solomanus at Tue May  2 00:53:19 1995
yahoo summoned a reaper against yahoo at Tue May  2 01:07:57 1995
saber summoned a djinn against Griffon at Tue May  2 01:33:52 1995
saber summoned a reaper against saber at Tue May  2 01:35:36 1995
sauron summoned a djinn against The Dark Lord Sauron at Tue May  2 02:22:49 1995
gar summoned a djinn against Someone at Tue May  2 04:14:16 1995
evil summoned a djinn against Nun Widge at Tue May  2 06:52:31 1995
evil summoned a djinn against Kiliam at Tue May  2 06:54:16 1995
evil summoned a reaper against evil at Tue May  2 08:01:43 1995
gahan summoned a djinn against Sampras at Tue May  2 10:11:45 1995
efloren summoned a reaper against efloren at Wed May  3 00:28:32 1995
efloren summoned a reaper against efloren at Wed May  3 00:31:25 1995
grendle summoned a djinn against Sphinx at Wed May  3 04:06:47 1995
svengali summoned a djinn against Figleaf at Wed May  3 05:15:46 1995
grendle summoned a djinn against Figleaf at Wed May  3 05:15:50 1995
blairv summoned a djinn against Archmage Blairv at Wed May  3 10:12:28 1995
kiri summoned a djinn against Shelly at Wed May  3 23:32:22 1995
kiri summoned a reaper against kiri at Wed May  3 23:33:05 1995
nunu summoned a djinn against Blyes at Thu May  4 04:55:53 1995
nunu summoned a djinn against Blyes at Thu May  4 05:06:50 1995
saber summoned a djinn against Someone at Thu May  4 06:29:03 1995
saber summoned a reaper against saber at Thu May  4 06:41:41 1995
efloren summoned a reaper against efloren at Thu May  4 09:30:25 1995
efloren summoned a reaper against efloren at Thu May  4 09:30:45 1995
efloren summoned a reaper against efloren at Thu May  4 09:30:56 1995
kiri summoned a reaper against kiri at Thu May  4 17:55:10 1995
gar summoned a djinn against Arch-Druid Kilardo at Thu May  4 22:41:35 1995
jaer summoned a reaper against griffon at Fri May  5 02:32:41 1995
nunu summoned a djinn against Echoe at Fri May  5 05:19:13 1995
nunu summoned a djinn against Echoe at Fri May  5 05:21:25 1995
nunu summoned a djinn against Echoe at Fri May  5 05:22:56 1995
blairv summoned a reaper against blairv at Fri May  5 08:39:04 1995
neimad summoned a reaper against neimad at Fri May  5 19:07:40 1995
saber summoned a reaper against saber at Fri May  5 20:41:20 1995
saber summoned a reaper against neuron at Fri May  5 21:54:12 1995
kiri summoned a djinn against Outer World Ruler Neimad at Sat May  6 01:48:43 1995
iransaxa summoned a djinn against Efloren at Sun May  7 00:12:21 1995
saber summoned a reaper against saber at Sun May  7 05:45:24 1995
warrak summoned a djinn against Mage-legend Saber at Sun May  7 05:46:16 1995
rookie summoned a reaper against rookie at Sun May  7 16:38:31 1995
rookie summoned a reaper against rookie at Sun May  7 16:39:08 1995
rookie summoned a reaper against rookie at Sun May  7 16:39:38 1995
shades summoned a djinn against Schpankay at Mon May  8 06:37:21 1995
shades summoned a djinn against Schpankay at Mon May  8 06:37:51 1995
shades summoned a djinn against Schpankay at Mon May  8 06:38:03 1995
bubble summoned a djinn against Lord Michi at Mon May  8 13:49:27 1995
kiri summoned a reaper against kiri at Mon May  8 15:42:49 1995
gahan summoned a djinn against Izomtibor at Mon May  8 16:29:40 1995
gahan summoned a djinn against Izomtibor at Mon May  8 16:31:06 1995
blairv summoned a djinn against Sampras at Mon May  8 17:27:18 1995
iransaxa summoned a djinn against Wapnor at Tue May  9 20:32:23 1995
iransaxa summoned a djinn against Cody at Tue May  9 20:34:49 1995
nunu summoned a reaper against nunu at Thu May 11 03:00:41 1995
nunu summoned a reaper against nunu at Thu May 11 03:02:56 1995
urs summoned a reaper against urs at Thu May 11 07:40:50 1995
nunu summoned a reaper against kiliam at Fri May 12 05:34:27 1995
nunu summoned a djinn against Kiliam at Fri May 12 05:44:00 1995
shades summoned a djinn against Greg at Fri May 12 08:22:51 1995
shades summoned a djinn against Greg at Fri May 12 08:28:28 1995
blairv summoned a djinn against Thumper at Fri May 12 15:46:57 1995
melrin summoned a reaper against melrin at Sat May 13 19:58:17 1995
melrin summoned a djinn against Realm Runner Melrin at Sun May 14 04:18:30 1995
melrin summoned a djinn against Melrin at Tue May 16 04:19:19 1995
melrin summoned a djinn against Melrin at Tue May 16 04:19:42 1995
khan summoned a reaper against khan at Wed May 17 05:02:36 1995
khan summoned a reaper against khan at Wed May 17 05:05:36 1995
urs summoned a reaper against urs at Thu May 18 05:12:30 1995
urs summoned a reaper against urs at Thu May 18 05:24:49 1995
kiri summoned a djinn against Someone at Thu May 18 11:43:20 1995
kiri summoned a djinn against Duke Joerg at Thu May 18 11:45:40 1995
kiri summoned a djinn against Mecki at Thu May 18 11:48:39 1995
kiri summoned a reaper against kiri at Thu May 18 12:18:05 1995
kiri summoned a reaper against kiri at Thu May 18 13:34:35 1995
kiri summoned a reaper against kiri at Thu May 18 19:25:29 1995
kiri summoned a reaper against kiri at Thu May 18 19:26:33 1995
guest summoned a reaper against guest at Fri May 19 10:26:22 1995
blairv summoned a djinn against Betonkevero at Tue May 23 16:57:11 1995
blairv summoned a djinn against Archmage Kutya at Thu May 25 13:33:04 1995
blairv summoned a djinn against Archmage Kutya at Thu May 25 13:33:55 1995
eorl summoned a reaper against eorl at Fri May 26 17:43:29 1995
kiri summoned a djinn against Someone at Sat May 27 17:50:10 1995
kiri summoned a reaper against kiri at Sat May 27 18:24:42 1995
cadael summoned a reaper against cadael at Sun May 28 15:46:12 1995
urs summoned a djinn against Guest at Tue May 30 07:33:00 1995
urs summoned a reaper against urs at Tue May 30 07:50:17 1995
sargon summoned a djinn against Someone at Tue May 30 18:10:25 1995
kiri summoned a djinn against Chronomancer Wicki at Tue May 30 23:29:41 1995
kalidor summoned a djinn against Cranberry at Wed May 31 00:28:47 1995
scar summoned a djinn against Fighter-legend Dreamsweet at Wed May 31 18:16:27 1995
ebola summoned a djinn against Archmage Kiri at Thu Jun  1 01:45:43 1995
scar summoned a djinn against Senior Squire Kalidor at Thu Jun  1 03:31:41 1995
eorl summoned a reaper against eorl at Thu Jun  1 10:43:16 1995
scar summoned a djinn against Duke Ripken at Fri Jun  2 03:01:39 1995
scar summoned a djinn against Jimpa at Mon Jun  5 03:31:25 1995
melrin summoned a reaper against melrin at Tue Jun 13 04:45:50 1995
urs summoned a reaper against urs at Tue Jun 27 08:33:41 1995
urs summoned a reaper against urs at Tue Jun 27 08:44:20 1995
bubble summoned a djinn against Troubadix at Wed Jul 12 19:24:21 1995
bubble summoned a djinn against Troubadix at Wed Jul 12 19:25:13 1995
bubble summoned a reaper against bubble at Mon Jul 17 20:12:11 1995
berti summoned a reaper against berti at Mon Jul 17 20:16:34 1995
berti summoned a reaper against berti at Mon Jul 17 20:24:44 1995
megafloh summoned a reaper against megafloh at Tue Jul 18 17:43:10 1995
megafloh summoned a reaper against megafloh at Tue Jul 18 17:48:16 1995
megafloh summoned a reaper against megafloh at Tue Jul 18 17:50:45 1995
evil summoned a djinn against Someone at Tue Jul 18 20:53:20 1995
urs summoned a reaper against urs at Sun Aug  6 21:21:48 1995
urs summoned a reaper against urs at Sun Aug  6 21:22:52 1995
megafloh summoned a reaper against megafloh at Mon Aug 28 18:57:04 1995
megafloh summoned a reaper against megafloh at Mon Aug 28 18:59:09 1995
megafloh summoned a reaper against megafloh at Mon Aug 28 19:01:19 1995
urs summoned a reaper against urs at Thu Aug 31 05:28:01 1995
blairv summoned a djinn against Sparkling Jewel at Tue Sep 12 17:19:30 1995
blairv summoned a djinn against Arch-Druid Lecso at Tue Sep 12 17:23:53 1995
blairv summoned a reaper against blairv at Tue Sep 12 17:29:11 1995
blairv summoned a djinn against Mage-legend Kutya at Wed Sep 13 19:15:32 1995
blairv summoned a djinn against Nunk Beezlebub at Wed Sep 13 19:17:41 1995
megafloh summoned a reaper against megafloh at Tue Sep 19 09:25:28 1995
blairv summoned a djinn against Joerg at Thu Sep 28 14:49:38 1995
urs summoned a reaper against urs at Sat Sep 30 17:05:23 1995
kutya summoned a reaper against kutya at Mon Oct  9 17:14:41 1995
kutya summoned a reaper against kutya at Mon Oct  9 17:27:19 1995
kutya summoned a reaper against kutya at Mon Oct  9 17:34:52 1995
septian summoned a djinn against Cara at Wed Oct 18 02:03:24 1995
septian summoned a reaper against septian at Wed Oct 18 02:13:44 1995
septian summoned a reaper against kutya at Wed Oct 18 02:15:32 1995
gorlin summoned a djinn against Klobesen at Mon Oct 23 16:12:48 1995
pretzel summoned a djinn against Pretzel at Thu Nov  2 09:01:30 1995
pretzel summoned a reaper against pretzel at Thu Nov  2 09:04:09 1995
pretzel summoned a reaper against pretzel at Thu Nov  2 09:06:44 1995
pretzel summoned a reaper against pretzel at Thu Nov  2 09:07:00 1995
kiri summoned a djinn against Raymond at Sat Nov  4 20:33:52 1995
kiri summoned a djinn against Daniella at Sat Nov  4 20:34:38 1995
kiri summoned a djinn against Daniella at Sat Nov  4 20:35:03 1995
kiri summoned a djinn against Raymond at Sat Nov  4 21:07:42 1995
kutya summoned a reaper against kutya at Mon Nov  6 18:15:53 1995
rookie summoned a djinn against Power at Thu Nov 16 11:22:29 1995
rookie summoned a djinn against Damballa at Thu Nov 16 11:23:56 1995
montoya summoned a reaper against montoya at Sun Nov 26 04:32:27 1995
montoya summoned a reaper against montoya at Sun Nov 26 04:51:33 1995
megafloh summoned a djinn against Heartless Leslie at Thu Nov 30 13:57:38 1995
megafloh summoned a djinn against Someone at Thu Nov 30 13:57:50 1995
iransaxa summoned a djinn against Senior Squire Brainsprain at Fri Dec  1 01:39:48 1995
llisa summoned a reaper against llisa at Mon Dec 18 01:05:20 1995
llisa summoned a djinn against Demolian at Mon Dec 18 01:12:12 1995
thumper summoned a djinn against Shakra at Mon Jan  1 00:54:09 1996
syrah summoned a reaper against syrah at Tue Mar  5 22:52:25 1996
tintifax summoned a djinn against Someone at Thu Mar  7 18:39:31 1996
baywulf summoned a reaper against baywulf at Mon Mar 25 04:13:20 1996
zloi summoned a reaper against zloi at Wed Apr  3 01:29:43 1996
zloi summoned a reaper against ringlord at Wed Apr  3 01:30:29 1996
zloi summoned a djinn against Conjurer Ringlord at Wed Apr  3 01:30:49 1996
wilbie summoned a reaper against wilbie at Sun Apr 21 23:06:28 1996
demolian summoned a reaper against demolian at Tue Apr 23 06:39:34 1996
demolian summoned a reaper against demolian at Tue Apr 23 06:41:49 1996
zloi summoned a djinn against Hiomaru at Sun May  5 23:52:37 1996
guest summoned a djinn against Sheik Thumper at Fri May 10 03:19:45 1996
guest summoned a reaper against guest at Fri May 10 03:19:49 1996
guest summoned a reaper against thumper at Fri May 10 03:19:51 1996
guest summoned a reaper against guest at Fri May 10 03:19:55 1996
zloi summoned a djinn against Blade at Fri May 10 06:31:41 1996
zloi summoned a djinn against Nemchinov at Sat May 11 03:40:25 1996
zloi summoned a reaper against zloi at Sat May 11 03:40:41 1996
zloi summoned a reaper against zloi at Sat May 11 03:42:21 1996
zloi summoned a reaper against zloi at Sat May 11 08:08:48 1996
zloi summoned a djinn against Someone at Sat May 11 08:10:29 1996
zloi summoned a djinn against Someone at Sat May 11 08:10:43 1996
guest summoned a djinn against Grand Vizier Thumper at Sun May 12 03:49:06 1996
guest summoned a djinn against Grand Vizier Thumper at Sun May 12 03:50:24 1996
gonff summoned a reaper against gonff at Sun May 19 19:21:46 1996
gonff summoned a reaper against gonff at Sun May 19 19:22:26 1996
gonff summoned a reaper against gonff at Sun May 19 19:32:38 1996
gonff summoned a reaper against gonff at Sun May 19 19:33:38 1996
zloi summoned a reaper against zloi at Fri May 31 00:12:28 1996
zloi summoned a reaper against zloi at Fri May 31 00:13:03 1996
treat summoned a reaper against treat at Sat Jun  8 21:09:26 1996
treat summoned a reaper against treat at Sat Jun  8 21:09:54 1996
treat summoned a reaper against treat at Sat Jun  8 21:09:56 1996
syrah summoned a djinn against Demolian at Mon Jun 10 21:35:48 1996
syrah summoned a djinn against Demolian at Mon Jun 10 21:36:02 1996
syrah summoned a djinn against Demolian at Mon Jun 10 21:36:11 1996
bollweevil summoned a reaper against bollweevil at Tue Jun 11 17:46:57 1996
bollweevil summoned a reaper against bollweevil at Tue Jun 11 17:48:58 1996
treat summoned a reaper against treat at Fri Jun 14 06:11:00 1996
melrin summoned a djinn against Overlord Figleaf at Sun Jun 30 03:36:19 1996
melrin summoned a reaper against melrin at Sun Jun 30 03:39:10 1996
typhoid summoned a reaper against typhoid at Sun Jun 30 20:28:34 1996
typhoid summoned a reaper against typhoid at Sun Jun 30 22:49:25 1996
gawain summoned a djinn against Tats at Mon Jul 22 23:22:12 1996
typhoid summoned a reaper against typhoid at Mon Jul 22 23:28:51 1996
melrin summoned a djinn against Vagabond Alagahd at Thu Jul 25 01:12:01 1996
melrin summoned a djinn against Vagabond Alagahd at Thu Jul 25 01:12:17 1996
melrin summoned a djinn against Vagabond Alagahd at Thu Jul 25 01:12:29 1996
dillon summoned a reaper against dillon at Fri Jul 26 01:19:05 1996
dillon summoned a reaper against dillon at Fri Jul 26 01:21:58 1996
dillon summoned a reaper against dillon at Wed Jul 31 19:28:09 1996
dillon summoned a reaper against dillon at Wed Jul 31 19:39:21 1996
ati summoned a djinn against Fighter-legend Rew at Wed Aug  7 13:53:48 1996
khan summoned a djinn against Clotho at Mon Aug 12 08:21:35 1996
khan summoned a djinn against Clotho at Mon Aug 12 08:22:26 1996
khan summoned a djinn against Clotho at Mon Aug 12 08:23:00 1996
khan summoned a reaper against khan at Mon Aug 12 08:26:20 1996
treat summoned a reaper against treat at Thu Sep  5 21:34:10 1996
treat summoned a reaper against treat at Sat Sep 14 17:46:33 1996
guest summoned a reaper against guest at Mon Sep 30 04:50:26 1996
tintifax summoned a djinn against Duke Zoff at Wed Dec 11 20:07:17 1996
cyclop summoned a djinn against Archmage Kryten at Mon Dec 30 00:23:20 1996
kryten summoned a djinn against Padisha Malice at Mon Dec 30 02:35:55 1996
kiri summoned a djinn against Duke Spartacus at Sat Apr 12 21:41:08 1997
