'"players/tamina/castle/planes/hostiles/fire";' ==> '"room/room";'
Found "players/tamina/castle/planes/hostiles/fire"; in: /players/tamina/castle/planes/fire/rm12.c
1:inherit "players/tamina/castle/planes/hostiles/fire";
Found "players/tamina/castle/planes/hostiles/fire"; in: /players/tamina/castle/planes/fire/rm13.c
1:inherit "players/tamina/castle/planes/hostiles/fire";
Found "players/tamina/castle/planes/hostiles/fire"; in: /players/tamina/castle/planes/fire/rm2.c
3:inherit "players/tamina/castle/planes/hostiles/fire";
Found "players/tamina/castle/planes/hostiles/fire"; in: /players/tamina/castle/planes/fire/rm3.c
1:inherit "players/tamina/castle/planes/hostiles/fire";
Found "players/tamina/castle/planes/hostiles/fire"; in: /players/tamina/castle/planes/fire/rm4.c
1:inherit "players/tamina/castle/planes/hostiles/fire";
Found "players/tamina/castle/planes/hostiles/fire"; in: /players/tamina/castle/planes/fire/rm5.c
1:inherit "players/tamina/castle/planes/hostiles/fire";
Found "players/tamina/castle/planes/hostiles/fire"; in: /players/tamina/castle/planes/fire/rm6.c
1:inherit "players/tamina/castle/planes/hostiles/fire";
Found "players/tamina/castle/planes/hostiles/fire"; in: /players/tamina/castle/planes/fire/rm7.c
1:inherit "players/tamina/castle/planes/hostiles/fire";
Found "players/tamina/castle/planes/hostiles/fire"; in: /players/tamina/castle/planes/fire/rm8.c
1:inherit "players/tamina/castle/planes/hostiles/fire";
Found "players/tamina/castle/planes/hostiles/fire"; in: /players/tamina/castle/planes/fire/rm9.c
1:inherit "players/tamina/castle/planes/hostiles/fire";
Li tells you: I found 10 occurrences in 10 files.
Li tells you: I found and replaced 10 occurrences.
