typhoid summoned a reaper against typhoid at Mon Jul 22 23:28:29 1996
typhoid summoned a reaper against typhoid at Mon Jul 22 23:28:31 1996
dillon summoned death's head against dillon at Tue Jul 23 02:28:17 1996
typhoid summoned a reaper against typhoid at Tue Jul 23 07:14:35 1996
dillon summoned death's head against dillon at Wed Jul 24 00:21:20 1996
koratz summoned a reaper against koratz at Wed Jul 24 00:54:41 1996
koratz summoned death's head against koratz at Wed Jul 24 00:57:41 1996
dillon summoned a reaper against dillon at Wed Jul 24 07:37:32 1996
koratz summoned a reaper against koratz at Wed Jul 24 20:09:10 1996
gawain summoned a djinn against Tats at Thu Jul 25 01:06:05 1996
gawain summoned a djinn against Raze at Thu Jul 25 01:08:46 1996
dillon summoned death's head against dillon at Thu Jul 25 05:35:56 1996
typhoid summoned a reaper against typhoid at Fri Jul 26 18:10:46 1996
typhoid summoned a reaper against typhoid at Fri Jul 26 18:13:11 1996
koratz summoned death's head against koratz at Fri Jul 26 19:00:35 1996
gaul summoned a reaper against gaul at Tue Jul 30 05:09:01 1996
gawain summoned a djinn against Tas at Tue Jul 30 16:30:50 1996
gaul summoned a reaper against gaul at Wed Jul 31 04:13:50 1996
gaul summoned a reaper against gaul at Wed Jul 31 04:15:15 1996
dillon summoned death's head against dillon at Wed Jul 31 05:18:00 1996
dillon summoned death's head against dillon at Wed Jul 31 19:32:22 1996
gawain summoned a djinn against Hercules at Fri Aug  2 03:11:33 1996
typhoid summoned a reaper against typhoid at Sat Aug  3 04:16:41 1996
gaul summoned a reaper against gaul at Tue Aug  6 00:55:39 1996
gawain summoned a djinn against Avron at Wed Aug  7 15:13:30 1996
gareth summoned death's head against gareth at Wed Aug  7 22:44:36 1996
gareth summoned a reaper against sylvyn at Wed Aug  7 23:05:58 1996
gareth summoned death's head against sylvyn at Wed Aug  7 23:08:18 1996
gareth summoned death's head against sargon at Thu Aug  8 01:49:24 1996
gaul summoned a reaper against konguri at Fri Aug  9 00:30:32 1996
gaul summoned a reaper against konguri at Fri Aug  9 01:45:14 1996
gawain summoned a reaper against rena at Fri Aug  9 03:28:52 1996
gawain summoned a djinn against Ringwraith at Sat Aug 10 02:16:47 1996
nae summoned a djinn against Nae at Fri Aug 16 02:01:53 1996
gawain summoned death's head against inzilbeth at Fri Oct  4 19:55:16 1996
malikye summoned a reaper against virsli at Wed Oct  9 07:20:37 1996
malikye summoned a reaper against virsli at Wed Oct  9 07:21:35 1996
gawain summoned a djinn against Monk Notud at Thu Oct 10 00:36:00 1996
gawain summoned death's head against csl at Fri Oct 11 13:05:27 1996
gawain summoned a djinn against Archmage Csl at Fri Oct 11 13:05:35 1996
gawain summoned a djinn against Hyjynx at Wed Oct 16 23:06:12 1996
trooper summoned a djinn against bite me in the Trooper at Sat Oct 19 07:46:37 1996
gawain summoned a reaper against ares at Wed Oct 23 03:15:32 1996
rinny summoned death's head against ati at Fri Oct 25 18:01:57 1996
rinny summoned a reaper against ati at Fri Oct 25 18:02:01 1996
rinny summoned a djinn against Semigod Ati at Fri Oct 25 18:02:05 1996
rinny summoned a djinn against Semigod Ati at Fri Oct 25 18:02:05 1996
rinny summoned a djinn against Semigod Ati at Fri Oct 25 18:02:07 1996
gareth summoned death's head against kryll at Mon Nov 25 23:25:18 1996
gareth summoned death's head against kryll at Mon Nov 25 23:30:56 1996
trooper summoned death's head against gareth at Tue Nov 26 00:37:21 1996
gawain summoned a djinn against Nun Catwoman at Thu Dec  5 03:42:47 1996
cyclop summoned a djinn against Tigger Saffrin at Mon Dec 30 00:30:01 1996
cyclop summoned a djinn against Padisha Malice at Mon Dec 30 02:27:15 1996
cyclop summoned a djinn against Padisha Malice at Mon Dec 30 02:29:53 1996
gareth summoned a djinn against Paris at Thu Apr 30 00:39:05 1998
gareth summoned a djinn against Corpse of Exos at Fri May  1 03:17:59 1998
gareth summoned a djinn against Corpse of Exos at Fri May  1 03:17:59 1998
gareth summoned a djinn against Corpse of Exos at Fri May  1 03:18:01 1998
gareth summoned a djinn against Corpse of Exos at Fri May  1 03:18:01 1998
gareth summoned a djinn against Corpse of Exos at Fri May  1 03:18:03 1998
gareth summoned a djinn against Corpse of Exos at Fri May  1 03:18:03 1998
gareth summoned a djinn against Corpse of Exos at Fri May  1 03:18:05 1998
gareth summoned a djinn against Corpse of Exos at Fri May  1 03:22:05 1998
gareth summoned a djinn against Corpse of Exos at Fri May  1 03:22:07 1998
gareth summoned a djinn against Corpse of Exos at Fri May  1 03:22:07 1998
gareth summoned a djinn against Corpse of Exos at Fri May  1 03:22:09 1998
gareth summoned a djinn against Corpse of Exos at Fri May  1 03:22:11 1998
gareth summoned a djinn against Corpse of Exos at Fri May  1 03:22:11 1998
gareth summoned a djinn against Corpse of Exos at Fri May  1 03:22:13 1998
gareth summoned a djinn against Corpse of Exos at Fri May  1 03:22:15 1998
gareth summoned a djinn against Corpse of Exos at Fri May  1 03:22:17 1998
gareth summoned a djinn against Corpse of Exos at Fri May  1 03:22:19 1998
gareth summoned a djinn against Corpse of Exos at Fri May  1 03:22:19 1998
gareth summoned a djinn against Corpse of Exos at Fri May  1 03:22:23 1998
gareth summoned a djinn against Corpse of Exos at Fri May  1 03:22:27 1998
gareth summoned a djinn against Corpse of Exos at Fri May  1 03:22:29 1998
gareth summoned a djinn against Siao Nae Nae at Mon May  4 05:08:35 1998
gareth summoned a djinn against Siao Nae Nae at Mon May  4 05:08:37 1998
gareth summoned a djinn against Siao Nae Nae at Mon May  4 05:08:39 1998
gareth summoned a djinn against Siao Nae Nae at Mon May  4 05:08:45 1998
gareth summoned a djinn against Siao Nae Nae at Mon May  4 05:08:57 1998
gareth summoned a djinn against Siao Nae Nae at Mon May  4 05:08:57 1998
gareth summoned a djinn against Siao Nae Nae at Mon May  4 05:08:59 1998
gareth summoned a djinn against Siao Nae Nae at Mon May  4 05:09:01 1998
gareth summoned a djinn against Siao Nae Nae at Mon May  4 05:09:03 1998
gareth summoned a djinn against Siao Nae Nae at Mon May  4 05:09:07 1998
gareth summoned a djinn against Siao Nae Nae at Mon May  4 05:09:07 1998
gareth summoned a djinn against Siao Nae Nae at Mon May  4 05:09:11 1998
gareth summoned a djinn against Big Bad Vodoo Danford at Thu May  7 04:35:04 1998
gareth summoned a djinn against Big Bad Vodoo Danford at Thu May  7 04:35:04 1998
gareth summoned a djinn against Big Bad Vodoo Danford at Thu May  7 04:35:06 1998
gareth summoned a djinn against Big Bad Vodoo Danford at Thu May  7 04:35:08 1998
gareth summoned a djinn against Big Bad Vodoo Danford at Thu May  7 04:35:08 1998
gareth summoned a djinn against Big Bad Vodoo Danford at Thu May  7 04:35:10 1998
gareth summoned a djinn against Big Bad Vodoo Danford at Thu May  7 04:35:12 1998
gareth summoned a djinn against Big Bad Vodoo Danford at Thu May  7 04:35:14 1998
gareth summoned a djinn against Big Bad Vodoo Danford at Thu May  7 04:35:14 1998
gareth summoned a djinn against Exos at Thu May  7 04:35:34 1998
